CRITICAL - 2025-07-18 03:08:23 --> ErrorException: Cannot declare class App\Controllers\DokumenControllerStaff, because the name is already in use
[Method: GET, Route: staff/folder/1]
in APPPATH\Models\DocumentModel.php on line 7.
 1 [internal function]: CodeIgniter\Debug\Exceptions->shutdownHandler()
CRITICAL - 2025-07-18 03:08:27 --> ErrorException: Cannot declare class App\Controllers\DokumenControllerStaff, because the name is already in use
[Method: GET, Route: staff/folder/1]
in APPPATH\Models\DocumentModel.php on line 7.
 1 [internal function]: CodeIgniter\Debug\Exceptions->shutdownHandler()
ERROR - 2025-07-18 03:11:55 --> mysqli_sql_exception: Table 'appcloud.documents' doesn't exist in C:\laragon\www\projectPegawai-master\vendor\codeigniter4\framework\system\Database\MySQLi\Connection.php:327
Stack trace:
#0 C:\laragon\www\projectPegawai-master\vendor\codeigniter4\framework\system\Database\MySQLi\Connection.php(327): mysqli->query('SELECT *\nFROM `...', 0)
#1 C:\laragon\www\projectPegawai-master\vendor\codeigniter4\framework\system\Database\BaseConnection.php(738): CodeIgniter\Database\MySQLi\Connection->execute('SELECT *\nFROM `...')
#2 C:\laragon\www\projectPegawai-master\vendor\codeigniter4\framework\system\Database\BaseConnection.php(652): CodeIgniter\Database\BaseConnection->simpleQuery('SELECT *\nFROM `...')
#3 C:\laragon\www\projectPegawai-master\vendor\codeigniter4\framework\system\Database\BaseBuilder.php(1649): CodeIgniter\Database\BaseConnection->query('SELECT *\nFROM `...', Array, false)
#4 C:\laragon\www\projectPegawai-master\vendor\codeigniter4\framework\system\Model.php(286): CodeIgniter\Database\BaseBuilder->get()
#5 C:\laragon\www\projectPegawai-master\vendor\codeigniter4\framework\system\BaseModel.php(679): CodeIgniter\Model->doFindAll(0, 0)
#6 C:\laragon\www\projectPegawai-master\app\Controllers\DokumenControllerStaff.php(67): CodeIgniter\BaseModel->findAll()
#7 C:\laragon\www\projectPegawai-master\vendor\codeigniter4\framework\system\CodeIgniter.php(933): App\Controllers\DokumenControllerStaff->viewFolder('1')
#8 C:\laragon\www\projectPegawai-master\vendor\codeigniter4\framework\system\CodeIgniter.php(507): CodeIgniter\CodeIgniter->runController(Object(App\Controllers\DokumenControllerStaff))
#9 C:\laragon\www\projectPegawai-master\vendor\codeigniter4\framework\system\CodeIgniter.php(354): CodeIgniter\CodeIgniter->handleRequest(NULL, Object(Config\Cache), false)
#10 C:\laragon\www\projectPegawai-master\vendor\codeigniter4\framework\system\Boot.php(334): CodeIgniter\CodeIgniter->run()
#11 C:\laragon\www\projectPegawai-master\vendor\codeigniter4\framework\system\Boot.php(67): CodeIgniter\Boot::runCodeIgniter(Object(CodeIgniter\CodeIgniter))
#12 C:\laragon\www\projectPegawai-master\public\index.php(59): CodeIgniter\Boot::bootWeb(Object(Config\Paths))
#13 C:\laragon\www\projectPegawai-master\vendor\codeigniter4\framework\system\rewrite.php(44): require_once('C:\\laragon\\www\\...')
#14 {main}
CRITICAL - 2025-07-18 03:11:55 --> CodeIgniter\Database\Exceptions\DatabaseException: Table 'appcloud.documents' doesn't exist
[Method: GET, Route: staff/folder/1]
in SYSTEMPATH\Database\BaseConnection.php on line 692.
 1 SYSTEMPATH\Database\BaseBuilder.php(1649): CodeIgniter\Database\BaseConnection->query('SELECT *
FROM `documents`
WHERE `folder_id` = :folder_id:', [...], false)
 2 SYSTEMPATH\Model.php(286): CodeIgniter\Database\BaseBuilder->get()
 3 SYSTEMPATH\BaseModel.php(679): CodeIgniter\Model->doFindAll(0, 0)
 4 APPPATH\Controllers\DokumenControllerStaff.php(67): CodeIgniter\BaseModel->findAll()
 5 SYSTEMPATH\CodeIgniter.php(933): App\Controllers\DokumenControllerStaff->viewFolder('1')
 6 SYSTEMPATH\CodeIgniter.php(507): CodeIgniter\CodeIgniter->runController(Object(App\Controllers\DokumenControllerStaff))
 7 SYSTEMPATH\CodeIgniter.php(354): CodeIgniter\CodeIgniter->handleRequest(null, Object(Config\Cache), false)
 8 SYSTEMPATH\Boot.php(334): CodeIgniter\CodeIgniter->run()
 9 SYSTEMPATH\Boot.php(67): CodeIgniter\Boot::runCodeIgniter(Object(CodeIgniter\CodeIgniter))
10 FCPATH\index.php(59): CodeIgniter\Boot::bootWeb(Object(Config\Paths))
11 SYSTEMPATH\rewrite.php(44): require_once('C:\\laragon\\www\\projectPegawai-master\\public\\index.php')
CRITICAL - 2025-07-18 03:11:55 --> [Caused by] CodeIgniter\Database\Exceptions\DatabaseException: Table 'appcloud.documents' doesn't exist
in SYSTEMPATH\Database\MySQLi\Connection.php on line 332.
 1 SYSTEMPATH\Database\BaseConnection.php(738): CodeIgniter\Database\MySQLi\Connection->execute('SELECT *
FROM `documents`
WHERE `folder_id` = \'1\'')
 2 SYSTEMPATH\Database\BaseConnection.php(652): CodeIgniter\Database\BaseConnection->simpleQuery('SELECT *
FROM `documents`
WHERE `folder_id` = \'1\'')
 3 SYSTEMPATH\Database\BaseBuilder.php(1649): CodeIgniter\Database\BaseConnection->query('SELECT *
FROM `documents`
WHERE `folder_id` = :folder_id:', [...], false)
 4 SYSTEMPATH\Model.php(286): CodeIgniter\Database\BaseBuilder->get()
 5 SYSTEMPATH\BaseModel.php(679): CodeIgniter\Model->doFindAll(0, 0)
 6 APPPATH\Controllers\DokumenControllerStaff.php(67): CodeIgniter\BaseModel->findAll()
 7 SYSTEMPATH\CodeIgniter.php(933): App\Controllers\DokumenControllerStaff->viewFolder('1')
 8 SYSTEMPATH\CodeIgniter.php(507): CodeIgniter\CodeIgniter->runController(Object(App\Controllers\DokumenControllerStaff))
 9 SYSTEMPATH\CodeIgniter.php(354): CodeIgniter\CodeIgniter->handleRequest(null, Object(Config\Cache), false)
10 SYSTEMPATH\Boot.php(334): CodeIgniter\CodeIgniter->run()
11 SYSTEMPATH\Boot.php(67): CodeIgniter\Boot::runCodeIgniter(Object(CodeIgniter\CodeIgniter))
12 FCPATH\index.php(59): CodeIgniter\Boot::bootWeb(Object(Config\Paths))
13 SYSTEMPATH\rewrite.php(44): require_once('C:\\laragon\\www\\projectPegawai-master\\public\\index.php')
CRITICAL - 2025-07-18 03:11:55 --> [Caused by] mysqli_sql_exception: Table 'appcloud.documents' doesn't exist
in SYSTEMPATH\Database\MySQLi\Connection.php on line 327.
 1 SYSTEMPATH\Database\MySQLi\Connection.php(327): mysqli->query('SELECT *
FROM `documents`
WHERE `folder_id` = \'1\'', 0)
 2 SYSTEMPATH\Database\BaseConnection.php(738): CodeIgniter\Database\MySQLi\Connection->execute('SELECT *
FROM `documents`
WHERE `folder_id` = \'1\'')
 3 SYSTEMPATH\Database\BaseConnection.php(652): CodeIgniter\Database\BaseConnection->simpleQuery('SELECT *
FROM `documents`
WHERE `folder_id` = \'1\'')
 4 SYSTEMPATH\Database\BaseBuilder.php(1649): CodeIgniter\Database\BaseConnection->query('SELECT *
FROM `documents`
WHERE `folder_id` = :folder_id:', [...], false)
 5 SYSTEMPATH\Model.php(286): CodeIgniter\Database\BaseBuilder->get()
 6 SYSTEMPATH\BaseModel.php(679): CodeIgniter\Model->doFindAll(0, 0)
 7 APPPATH\Controllers\DokumenControllerStaff.php(67): CodeIgniter\BaseModel->findAll()
 8 SYSTEMPATH\CodeIgniter.php(933): App\Controllers\DokumenControllerStaff->viewFolder('1')
 9 SYSTEMPATH\CodeIgniter.php(507): CodeIgniter\CodeIgniter->runController(Object(App\Controllers\DokumenControllerStaff))
10 SYSTEMPATH\CodeIgniter.php(354): CodeIgniter\CodeIgniter->handleRequest(null, Object(Config\Cache), false)
11 SYSTEMPATH\Boot.php(334): CodeIgniter\CodeIgniter->run()
12 SYSTEMPATH\Boot.php(67): CodeIgniter\Boot::runCodeIgniter(Object(CodeIgniter\CodeIgniter))
13 FCPATH\index.php(59): CodeIgniter\Boot::bootWeb(Object(Config\Paths))
14 SYSTEMPATH\rewrite.php(44): require_once('C:\\laragon\\www\\projectPegawai-master\\public\\index.php')
ERROR - 2025-07-18 03:12:00 --> mysqli_sql_exception: Table 'appcloud.documents' doesn't exist in C:\laragon\www\projectPegawai-master\vendor\codeigniter4\framework\system\Database\MySQLi\Connection.php:327
Stack trace:
#0 C:\laragon\www\projectPegawai-master\vendor\codeigniter4\framework\system\Database\MySQLi\Connection.php(327): mysqli->query('SELECT *\nFROM `...', 0)
#1 C:\laragon\www\projectPegawai-master\vendor\codeigniter4\framework\system\Database\BaseConnection.php(738): CodeIgniter\Database\MySQLi\Connection->execute('SELECT *\nFROM `...')
#2 C:\laragon\www\projectPegawai-master\vendor\codeigniter4\framework\system\Database\BaseConnection.php(652): CodeIgniter\Database\BaseConnection->simpleQuery('SELECT *\nFROM `...')
#3 C:\laragon\www\projectPegawai-master\vendor\codeigniter4\framework\system\Database\BaseBuilder.php(1649): CodeIgniter\Database\BaseConnection->query('SELECT *\nFROM `...', Array, false)
#4 C:\laragon\www\projectPegawai-master\vendor\codeigniter4\framework\system\Model.php(286): CodeIgniter\Database\BaseBuilder->get()
#5 C:\laragon\www\projectPegawai-master\vendor\codeigniter4\framework\system\BaseModel.php(679): CodeIgniter\Model->doFindAll(0, 0)
#6 C:\laragon\www\projectPegawai-master\app\Controllers\DokumenControllerStaff.php(67): CodeIgniter\BaseModel->findAll()
#7 C:\laragon\www\projectPegawai-master\vendor\codeigniter4\framework\system\CodeIgniter.php(933): App\Controllers\DokumenControllerStaff->viewFolder('1')
#8 C:\laragon\www\projectPegawai-master\vendor\codeigniter4\framework\system\CodeIgniter.php(507): CodeIgniter\CodeIgniter->runController(Object(App\Controllers\DokumenControllerStaff))
#9 C:\laragon\www\projectPegawai-master\vendor\codeigniter4\framework\system\CodeIgniter.php(354): CodeIgniter\CodeIgniter->handleRequest(NULL, Object(Config\Cache), false)
#10 C:\laragon\www\projectPegawai-master\vendor\codeigniter4\framework\system\Boot.php(334): CodeIgniter\CodeIgniter->run()
#11 C:\laragon\www\projectPegawai-master\vendor\codeigniter4\framework\system\Boot.php(67): CodeIgniter\Boot::runCodeIgniter(Object(CodeIgniter\CodeIgniter))
#12 C:\laragon\www\projectPegawai-master\public\index.php(59): CodeIgniter\Boot::bootWeb(Object(Config\Paths))
#13 C:\laragon\www\projectPegawai-master\vendor\codeigniter4\framework\system\rewrite.php(44): require_once('C:\\laragon\\www\\...')
#14 {main}
CRITICAL - 2025-07-18 03:12:00 --> CodeIgniter\Database\Exceptions\DatabaseException: Table 'appcloud.documents' doesn't exist
[Method: GET, Route: staff/folder/1]
in SYSTEMPATH\Database\BaseConnection.php on line 692.
 1 SYSTEMPATH\Database\BaseBuilder.php(1649): CodeIgniter\Database\BaseConnection->query('SELECT *
FROM `documents`
WHERE `folder_id` = :folder_id:', [...], false)
 2 SYSTEMPATH\Model.php(286): CodeIgniter\Database\BaseBuilder->get()
 3 SYSTEMPATH\BaseModel.php(679): CodeIgniter\Model->doFindAll(0, 0)
 4 APPPATH\Controllers\DokumenControllerStaff.php(67): CodeIgniter\BaseModel->findAll()
 5 SYSTEMPATH\CodeIgniter.php(933): App\Controllers\DokumenControllerStaff->viewFolder('1')
 6 SYSTEMPATH\CodeIgniter.php(507): CodeIgniter\CodeIgniter->runController(Object(App\Controllers\DokumenControllerStaff))
 7 SYSTEMPATH\CodeIgniter.php(354): CodeIgniter\CodeIgniter->handleRequest(null, Object(Config\Cache), false)
 8 SYSTEMPATH\Boot.php(334): CodeIgniter\CodeIgniter->run()
 9 SYSTEMPATH\Boot.php(67): CodeIgniter\Boot::runCodeIgniter(Object(CodeIgniter\CodeIgniter))
10 FCPATH\index.php(59): CodeIgniter\Boot::bootWeb(Object(Config\Paths))
11 SYSTEMPATH\rewrite.php(44): require_once('C:\\laragon\\www\\projectPegawai-master\\public\\index.php')
CRITICAL - 2025-07-18 03:12:00 --> [Caused by] CodeIgniter\Database\Exceptions\DatabaseException: Table 'appcloud.documents' doesn't exist
in SYSTEMPATH\Database\MySQLi\Connection.php on line 332.
 1 SYSTEMPATH\Database\BaseConnection.php(738): CodeIgniter\Database\MySQLi\Connection->execute('SELECT *
FROM `documents`
WHERE `folder_id` = \'1\'')
 2 SYSTEMPATH\Database\BaseConnection.php(652): CodeIgniter\Database\BaseConnection->simpleQuery('SELECT *
FROM `documents`
WHERE `folder_id` = \'1\'')
 3 SYSTEMPATH\Database\BaseBuilder.php(1649): CodeIgniter\Database\BaseConnection->query('SELECT *
FROM `documents`
WHERE `folder_id` = :folder_id:', [...], false)
 4 SYSTEMPATH\Model.php(286): CodeIgniter\Database\BaseBuilder->get()
 5 SYSTEMPATH\BaseModel.php(679): CodeIgniter\Model->doFindAll(0, 0)
 6 APPPATH\Controllers\DokumenControllerStaff.php(67): CodeIgniter\BaseModel->findAll()
 7 SYSTEMPATH\CodeIgniter.php(933): App\Controllers\DokumenControllerStaff->viewFolder('1')
 8 SYSTEMPATH\CodeIgniter.php(507): CodeIgniter\CodeIgniter->runController(Object(App\Controllers\DokumenControllerStaff))
 9 SYSTEMPATH\CodeIgniter.php(354): CodeIgniter\CodeIgniter->handleRequest(null, Object(Config\Cache), false)
10 SYSTEMPATH\Boot.php(334): CodeIgniter\CodeIgniter->run()
11 SYSTEMPATH\Boot.php(67): CodeIgniter\Boot::runCodeIgniter(Object(CodeIgniter\CodeIgniter))
12 FCPATH\index.php(59): CodeIgniter\Boot::bootWeb(Object(Config\Paths))
13 SYSTEMPATH\rewrite.php(44): require_once('C:\\laragon\\www\\projectPegawai-master\\public\\index.php')
CRITICAL - 2025-07-18 03:12:00 --> [Caused by] mysqli_sql_exception: Table 'appcloud.documents' doesn't exist
in SYSTEMPATH\Database\MySQLi\Connection.php on line 327.
 1 SYSTEMPATH\Database\MySQLi\Connection.php(327): mysqli->query('SELECT *
FROM `documents`
WHERE `folder_id` = \'1\'', 0)
 2 SYSTEMPATH\Database\BaseConnection.php(738): CodeIgniter\Database\MySQLi\Connection->execute('SELECT *
FROM `documents`
WHERE `folder_id` = \'1\'')
 3 SYSTEMPATH\Database\BaseConnection.php(652): CodeIgniter\Database\BaseConnection->simpleQuery('SELECT *
FROM `documents`
WHERE `folder_id` = \'1\'')
 4 SYSTEMPATH\Database\BaseBuilder.php(1649): CodeIgniter\Database\BaseConnection->query('SELECT *
FROM `documents`
WHERE `folder_id` = :folder_id:', [...], false)
 5 SYSTEMPATH\Model.php(286): CodeIgniter\Database\BaseBuilder->get()
 6 SYSTEMPATH\BaseModel.php(679): CodeIgniter\Model->doFindAll(0, 0)
 7 APPPATH\Controllers\DokumenControllerStaff.php(67): CodeIgniter\BaseModel->findAll()
 8 SYSTEMPATH\CodeIgniter.php(933): App\Controllers\DokumenControllerStaff->viewFolder('1')
 9 SYSTEMPATH\CodeIgniter.php(507): CodeIgniter\CodeIgniter->runController(Object(App\Controllers\DokumenControllerStaff))
10 SYSTEMPATH\CodeIgniter.php(354): CodeIgniter\CodeIgniter->handleRequest(null, Object(Config\Cache), false)
11 SYSTEMPATH\Boot.php(334): CodeIgniter\CodeIgniter->run()
12 SYSTEMPATH\Boot.php(67): CodeIgniter\Boot::runCodeIgniter(Object(CodeIgniter\CodeIgniter))
13 FCPATH\index.php(59): CodeIgniter\Boot::bootWeb(Object(Config\Paths))
14 SYSTEMPATH\rewrite.php(44): require_once('C:\\laragon\\www\\projectPegawai-master\\public\\index.php')
ERROR - 2025-07-18 03:13:22 --> mysqli_sql_exception: Table 'appcloud.documents' doesn't exist in C:\laragon\www\projectPegawai-master\vendor\codeigniter4\framework\system\Database\MySQLi\Connection.php:327
Stack trace:
#0 C:\laragon\www\projectPegawai-master\vendor\codeigniter4\framework\system\Database\MySQLi\Connection.php(327): mysqli->query('SELECT *\nFROM `...', 0)
#1 C:\laragon\www\projectPegawai-master\vendor\codeigniter4\framework\system\Database\BaseConnection.php(738): CodeIgniter\Database\MySQLi\Connection->execute('SELECT *\nFROM `...')
#2 C:\laragon\www\projectPegawai-master\vendor\codeigniter4\framework\system\Database\BaseConnection.php(652): CodeIgniter\Database\BaseConnection->simpleQuery('SELECT *\nFROM `...')
#3 C:\laragon\www\projectPegawai-master\vendor\codeigniter4\framework\system\Database\BaseBuilder.php(1649): CodeIgniter\Database\BaseConnection->query('SELECT *\nFROM `...', Array, false)
#4 C:\laragon\www\projectPegawai-master\vendor\codeigniter4\framework\system\Model.php(286): CodeIgniter\Database\BaseBuilder->get()
#5 C:\laragon\www\projectPegawai-master\vendor\codeigniter4\framework\system\BaseModel.php(679): CodeIgniter\Model->doFindAll(0, 0)
#6 C:\laragon\www\projectPegawai-master\app\Controllers\DokumenControllerStaff.php(67): CodeIgniter\BaseModel->findAll()
#7 C:\laragon\www\projectPegawai-master\vendor\codeigniter4\framework\system\CodeIgniter.php(933): App\Controllers\DokumenControllerStaff->viewFolder('1')
#8 C:\laragon\www\projectPegawai-master\vendor\codeigniter4\framework\system\CodeIgniter.php(507): CodeIgniter\CodeIgniter->runController(Object(App\Controllers\DokumenControllerStaff))
#9 C:\laragon\www\projectPegawai-master\vendor\codeigniter4\framework\system\CodeIgniter.php(354): CodeIgniter\CodeIgniter->handleRequest(NULL, Object(Config\Cache), false)
#10 C:\laragon\www\projectPegawai-master\vendor\codeigniter4\framework\system\Boot.php(334): CodeIgniter\CodeIgniter->run()
#11 C:\laragon\www\projectPegawai-master\vendor\codeigniter4\framework\system\Boot.php(67): CodeIgniter\Boot::runCodeIgniter(Object(CodeIgniter\CodeIgniter))
#12 C:\laragon\www\projectPegawai-master\public\index.php(59): CodeIgniter\Boot::bootWeb(Object(Config\Paths))
#13 C:\laragon\www\projectPegawai-master\vendor\codeigniter4\framework\system\rewrite.php(44): require_once('C:\\laragon\\www\\...')
#14 {main}
CRITICAL - 2025-07-18 03:13:22 --> CodeIgniter\Database\Exceptions\DatabaseException: Table 'appcloud.documents' doesn't exist
[Method: GET, Route: staff/folder/1]
in SYSTEMPATH\Database\BaseConnection.php on line 692.
 1 SYSTEMPATH\Database\BaseBuilder.php(1649): CodeIgniter\Database\BaseConnection->query('SELECT *
FROM `documents`
WHERE `folder_id` = :folder_id:', [...], false)
 2 SYSTEMPATH\Model.php(286): CodeIgniter\Database\BaseBuilder->get()
 3 SYSTEMPATH\BaseModel.php(679): CodeIgniter\Model->doFindAll(0, 0)
 4 APPPATH\Controllers\DokumenControllerStaff.php(67): CodeIgniter\BaseModel->findAll()
 5 SYSTEMPATH\CodeIgniter.php(933): App\Controllers\DokumenControllerStaff->viewFolder('1')
 6 SYSTEMPATH\CodeIgniter.php(507): CodeIgniter\CodeIgniter->runController(Object(App\Controllers\DokumenControllerStaff))
 7 SYSTEMPATH\CodeIgniter.php(354): CodeIgniter\CodeIgniter->handleRequest(null, Object(Config\Cache), false)
 8 SYSTEMPATH\Boot.php(334): CodeIgniter\CodeIgniter->run()
 9 SYSTEMPATH\Boot.php(67): CodeIgniter\Boot::runCodeIgniter(Object(CodeIgniter\CodeIgniter))
10 FCPATH\index.php(59): CodeIgniter\Boot::bootWeb(Object(Config\Paths))
11 SYSTEMPATH\rewrite.php(44): require_once('C:\\laragon\\www\\projectPegawai-master\\public\\index.php')
CRITICAL - 2025-07-18 03:13:22 --> [Caused by] CodeIgniter\Database\Exceptions\DatabaseException: Table 'appcloud.documents' doesn't exist
in SYSTEMPATH\Database\MySQLi\Connection.php on line 332.
 1 SYSTEMPATH\Database\BaseConnection.php(738): CodeIgniter\Database\MySQLi\Connection->execute('SELECT *
FROM `documents`
WHERE `folder_id` = \'1\'')
 2 SYSTEMPATH\Database\BaseConnection.php(652): CodeIgniter\Database\BaseConnection->simpleQuery('SELECT *
FROM `documents`
WHERE `folder_id` = \'1\'')
 3 SYSTEMPATH\Database\BaseBuilder.php(1649): CodeIgniter\Database\BaseConnection->query('SELECT *
FROM `documents`
WHERE `folder_id` = :folder_id:', [...], false)
 4 SYSTEMPATH\Model.php(286): CodeIgniter\Database\BaseBuilder->get()
 5 SYSTEMPATH\BaseModel.php(679): CodeIgniter\Model->doFindAll(0, 0)
 6 APPPATH\Controllers\DokumenControllerStaff.php(67): CodeIgniter\BaseModel->findAll()
 7 SYSTEMPATH\CodeIgniter.php(933): App\Controllers\DokumenControllerStaff->viewFolder('1')
 8 SYSTEMPATH\CodeIgniter.php(507): CodeIgniter\CodeIgniter->runController(Object(App\Controllers\DokumenControllerStaff))
 9 SYSTEMPATH\CodeIgniter.php(354): CodeIgniter\CodeIgniter->handleRequest(null, Object(Config\Cache), false)
10 SYSTEMPATH\Boot.php(334): CodeIgniter\CodeIgniter->run()
11 SYSTEMPATH\Boot.php(67): CodeIgniter\Boot::runCodeIgniter(Object(CodeIgniter\CodeIgniter))
12 FCPATH\index.php(59): CodeIgniter\Boot::bootWeb(Object(Config\Paths))
13 SYSTEMPATH\rewrite.php(44): require_once('C:\\laragon\\www\\projectPegawai-master\\public\\index.php')
CRITICAL - 2025-07-18 03:13:22 --> [Caused by] mysqli_sql_exception: Table 'appcloud.documents' doesn't exist
in SYSTEMPATH\Database\MySQLi\Connection.php on line 327.
 1 SYSTEMPATH\Database\MySQLi\Connection.php(327): mysqli->query('SELECT *
FROM `documents`
WHERE `folder_id` = \'1\'', 0)
 2 SYSTEMPATH\Database\BaseConnection.php(738): CodeIgniter\Database\MySQLi\Connection->execute('SELECT *
FROM `documents`
WHERE `folder_id` = \'1\'')
 3 SYSTEMPATH\Database\BaseConnection.php(652): CodeIgniter\Database\BaseConnection->simpleQuery('SELECT *
FROM `documents`
WHERE `folder_id` = \'1\'')
 4 SYSTEMPATH\Database\BaseBuilder.php(1649): CodeIgniter\Database\BaseConnection->query('SELECT *
FROM `documents`
WHERE `folder_id` = :folder_id:', [...], false)
 5 SYSTEMPATH\Model.php(286): CodeIgniter\Database\BaseBuilder->get()
 6 SYSTEMPATH\BaseModel.php(679): CodeIgniter\Model->doFindAll(0, 0)
 7 APPPATH\Controllers\DokumenControllerStaff.php(67): CodeIgniter\BaseModel->findAll()
 8 SYSTEMPATH\CodeIgniter.php(933): App\Controllers\DokumenControllerStaff->viewFolder('1')
 9 SYSTEMPATH\CodeIgniter.php(507): CodeIgniter\CodeIgniter->runController(Object(App\Controllers\DokumenControllerStaff))
10 SYSTEMPATH\CodeIgniter.php(354): CodeIgniter\CodeIgniter->handleRequest(null, Object(Config\Cache), false)
11 SYSTEMPATH\Boot.php(334): CodeIgniter\CodeIgniter->run()
12 SYSTEMPATH\Boot.php(67): CodeIgniter\Boot::runCodeIgniter(Object(CodeIgniter\CodeIgniter))
13 FCPATH\index.php(59): CodeIgniter\Boot::bootWeb(Object(Config\Paths))
14 SYSTEMPATH\rewrite.php(44): require_once('C:\\laragon\\www\\projectPegawai-master\\public\\index.php')
CRITICAL - 2025-07-18 03:26:38 --> CodeIgniter\View\Exceptions\ViewException: Invalid file: "dokumenStaff.php"
[Method: GET, Route: staff/dokumen-staff]
in SYSTEMPATH\Exceptions\FrameworkException.php on line 39.
 1 SYSTEMPATH\View\View.php(212): CodeIgniter\Exceptions\FrameworkException::forInvalidFile('dokumenStaff.php')
 2 SYSTEMPATH\Common.php(1173): CodeIgniter\View\View->render('dokumenStaff', [], true)
 3 APPPATH\Controllers\DokumenControllerStaff.php(57): view('dokumenStaff', [...])
 4 SYSTEMPATH\CodeIgniter.php(933): App\Controllers\DokumenControllerStaff->dokumenStaff()
 5 SYSTEMPATH\CodeIgniter.php(507): CodeIgniter\CodeIgniter->runController(Object(App\Controllers\DokumenControllerStaff))
 6 SYSTEMPATH\CodeIgniter.php(354): CodeIgniter\CodeIgniter->handleRequest(null, Object(Config\Cache), false)
 7 SYSTEMPATH\Boot.php(334): CodeIgniter\CodeIgniter->run()
 8 SYSTEMPATH\Boot.php(67): CodeIgniter\Boot::runCodeIgniter(Object(CodeIgniter\CodeIgniter))
 9 FCPATH\index.php(59): CodeIgniter\Boot::bootWeb(Object(Config\Paths))
10 SYSTEMPATH\rewrite.php(44): require_once('C:\\laragon\\www\\projectPegawai-master\\public\\index.php')
CRITICAL - 2025-07-18 03:28:33 --> CodeIgniter\View\Exceptions\ViewException: Invalid file: "dokumenStaff.php"
[Method: GET, Route: staff/dokumen-staff]
in SYSTEMPATH\Exceptions\FrameworkException.php on line 39.
 1 SYSTEMPATH\View\View.php(212): CodeIgniter\Exceptions\FrameworkException::forInvalidFile('dokumenStaff.php')
 2 SYSTEMPATH\Common.php(1173): CodeIgniter\View\View->render('dokumenStaff', [], true)
 3 APPPATH\Controllers\DokumenControllerStaff.php(57): view('dokumenStaff', [...])
 4 SYSTEMPATH\CodeIgniter.php(933): App\Controllers\DokumenControllerStaff->dokumenStaff()
 5 SYSTEMPATH\CodeIgniter.php(507): CodeIgniter\CodeIgniter->runController(Object(App\Controllers\DokumenControllerStaff))
 6 SYSTEMPATH\CodeIgniter.php(354): CodeIgniter\CodeIgniter->handleRequest(null, Object(Config\Cache), false)
 7 SYSTEMPATH\Boot.php(334): CodeIgniter\CodeIgniter->run()
 8 SYSTEMPATH\Boot.php(67): CodeIgniter\Boot::runCodeIgniter(Object(CodeIgniter\CodeIgniter))
 9 FCPATH\index.php(59): CodeIgniter\Boot::bootWeb(Object(Config\Paths))
10 SYSTEMPATH\rewrite.php(44): require_once('C:\\laragon\\www\\projectPegawai-master\\public\\index.php')
CRITICAL - 2025-07-18 03:28:37 --> CodeIgniter\View\Exceptions\ViewException: Invalid file: "dokumenStaff.php"
[Method: GET, Route: staff/dokumen-staff]
in SYSTEMPATH\Exceptions\FrameworkException.php on line 39.
 1 SYSTEMPATH\View\View.php(212): CodeIgniter\Exceptions\FrameworkException::forInvalidFile('dokumenStaff.php')
 2 SYSTEMPATH\Common.php(1173): CodeIgniter\View\View->render('dokumenStaff', [], true)
 3 APPPATH\Controllers\DokumenControllerStaff.php(57): view('dokumenStaff', [...])
 4 SYSTEMPATH\CodeIgniter.php(933): App\Controllers\DokumenControllerStaff->dokumenStaff()
 5 SYSTEMPATH\CodeIgniter.php(507): CodeIgniter\CodeIgniter->runController(Object(App\Controllers\DokumenControllerStaff))
 6 SYSTEMPATH\CodeIgniter.php(354): CodeIgniter\CodeIgniter->handleRequest(null, Object(Config\Cache), false)
 7 SYSTEMPATH\Boot.php(334): CodeIgniter\CodeIgniter->run()
 8 SYSTEMPATH\Boot.php(67): CodeIgniter\Boot::runCodeIgniter(Object(CodeIgniter\CodeIgniter))
 9 FCPATH\index.php(59): CodeIgniter\Boot::bootWeb(Object(Config\Paths))
10 SYSTEMPATH\rewrite.php(44): require_once('C:\\laragon\\www\\projectPegawai-master\\public\\index.php')
CRITICAL - 2025-07-18 03:30:01 --> CodeIgniter\View\Exceptions\ViewException: Invalid file: "dokumenStaff.php"
[Method: GET, Route: staff/dokumen-staff]
in SYSTEMPATH\Exceptions\FrameworkException.php on line 39.
 1 SYSTEMPATH\View\View.php(212): CodeIgniter\Exceptions\FrameworkException::forInvalidFile('dokumenStaff.php')
 2 SYSTEMPATH\Common.php(1173): CodeIgniter\View\View->render('dokumenStaff', [], true)
 3 APPPATH\Controllers\DokumenControllerStaff.php(57): view('dokumenStaff', [...])
 4 SYSTEMPATH\CodeIgniter.php(933): App\Controllers\DokumenControllerStaff->dokumenStaff()
 5 SYSTEMPATH\CodeIgniter.php(507): CodeIgniter\CodeIgniter->runController(Object(App\Controllers\DokumenControllerStaff))
 6 SYSTEMPATH\CodeIgniter.php(354): CodeIgniter\CodeIgniter->handleRequest(null, Object(Config\Cache), false)
 7 SYSTEMPATH\Boot.php(334): CodeIgniter\CodeIgniter->run()
 8 SYSTEMPATH\Boot.php(67): CodeIgniter\Boot::runCodeIgniter(Object(CodeIgniter\CodeIgniter))
 9 FCPATH\index.php(59): CodeIgniter\Boot::bootWeb(Object(Config\Paths))
10 SYSTEMPATH\rewrite.php(44): require_once('C:\\laragon\\www\\projectPegawai-master\\public\\index.php')
CRITICAL - 2025-07-18 03:30:27 --> CodeIgniter\View\Exceptions\ViewException: Invalid file: "dokumenStaff.php"
[Method: GET, Route: staff/dokumen-staff]
in SYSTEMPATH\Exceptions\FrameworkException.php on line 39.
 1 SYSTEMPATH\View\View.php(212): CodeIgniter\Exceptions\FrameworkException::forInvalidFile('dokumenStaff.php')
 2 SYSTEMPATH\Common.php(1173): CodeIgniter\View\View->render('dokumenStaff', [], true)
 3 APPPATH\Controllers\DokumenControllerStaff.php(57): view('dokumenStaff', [...])
 4 SYSTEMPATH\CodeIgniter.php(933): App\Controllers\DokumenControllerStaff->dokumenStaff()
 5 SYSTEMPATH\CodeIgniter.php(507): CodeIgniter\CodeIgniter->runController(Object(App\Controllers\DokumenControllerStaff))
 6 SYSTEMPATH\CodeIgniter.php(354): CodeIgniter\CodeIgniter->handleRequest(null, Object(Config\Cache), false)
 7 SYSTEMPATH\Boot.php(334): CodeIgniter\CodeIgniter->run()
 8 SYSTEMPATH\Boot.php(67): CodeIgniter\Boot::runCodeIgniter(Object(CodeIgniter\CodeIgniter))
 9 FCPATH\index.php(59): CodeIgniter\Boot::bootWeb(Object(Config\Paths))
10 SYSTEMPATH\rewrite.php(44): require_once('C:\\laragon\\www\\projectPegawai-master\\public\\index.php')
CRITICAL - 2025-07-18 04:03:52 --> ParseError: syntax error, unexpected token "public", expecting end of file
[Method: GET, Route: staff/dokumen-staff]
in APPPATH\Controllers\DokumenControllerStaff.php on line 339.
 1 VENDORPATH\composer\ClassLoader.php(428): Composer\Autoload\includeFile('C:\\laragon\\www\\projectPegawai-master\\vendor\\composer/../../app/Controllers/DokumenControllerStaff.php')
 2 [internal function]: Composer\Autoload\ClassLoader->loadClass('App\\Controllers\\DokumenControllerStaff')
 3 SYSTEMPATH\CodeIgniter.php(885): class_exists('\\App\\Controllers\\DokumenControllerStaff', true)
 4 SYSTEMPATH\CodeIgniter.php(494): CodeIgniter\CodeIgniter->startController()
 5 SYSTEMPATH\CodeIgniter.php(354): CodeIgniter\CodeIgniter->handleRequest(null, Object(Config\Cache), false)
 6 SYSTEMPATH\Boot.php(334): CodeIgniter\CodeIgniter->run()
 7 SYSTEMPATH\Boot.php(67): CodeIgniter\Boot::runCodeIgniter(Object(CodeIgniter\CodeIgniter))
 8 FCPATH\index.php(59): CodeIgniter\Boot::bootWeb(Object(Config\Paths))
 9 SYSTEMPATH\rewrite.php(44): require_once('C:\\laragon\\www\\projectPegawai-master\\public\\index.php')
CRITICAL - 2025-07-18 04:03:58 --> ParseError: syntax error, unexpected token "public", expecting end of file
[Method: GET, Route: staff/dokumen-staff]
in APPPATH\Controllers\DokumenControllerStaff.php on line 339.
 1 VENDORPATH\composer\ClassLoader.php(428): Composer\Autoload\includeFile('C:\\laragon\\www\\projectPegawai-master\\vendor\\composer/../../app/Controllers/DokumenControllerStaff.php')
 2 [internal function]: Composer\Autoload\ClassLoader->loadClass('App\\Controllers\\DokumenControllerStaff')
 3 SYSTEMPATH\CodeIgniter.php(885): class_exists('\\App\\Controllers\\DokumenControllerStaff', true)
 4 SYSTEMPATH\CodeIgniter.php(494): CodeIgniter\CodeIgniter->startController()
 5 SYSTEMPATH\CodeIgniter.php(354): CodeIgniter\CodeIgniter->handleRequest(null, Object(Config\Cache), false)
 6 SYSTEMPATH\Boot.php(334): CodeIgniter\CodeIgniter->run()
 7 SYSTEMPATH\Boot.php(67): CodeIgniter\Boot::runCodeIgniter(Object(CodeIgniter\CodeIgniter))
 8 FCPATH\index.php(59): CodeIgniter\Boot::bootWeb(Object(Config\Paths))
 9 SYSTEMPATH\rewrite.php(44): require_once('C:\\laragon\\www\\projectPegawai-master\\public\\index.php')
CRITICAL - 2025-07-18 04:04:01 --> ParseError: syntax error, unexpected token "public", expecting end of file
[Method: GET, Route: staff/dokumen-staff]
in APPPATH\Controllers\DokumenControllerStaff.php on line 339.
 1 VENDORPATH\composer\ClassLoader.php(428): Composer\Autoload\includeFile('C:\\laragon\\www\\projectPegawai-master\\vendor\\composer/../../app/Controllers/DokumenControllerStaff.php')
 2 [internal function]: Composer\Autoload\ClassLoader->loadClass('App\\Controllers\\DokumenControllerStaff')
 3 SYSTEMPATH\CodeIgniter.php(885): class_exists('\\App\\Controllers\\DokumenControllerStaff', true)
 4 SYSTEMPATH\CodeIgniter.php(494): CodeIgniter\CodeIgniter->startController()
 5 SYSTEMPATH\CodeIgniter.php(354): CodeIgniter\CodeIgniter->handleRequest(null, Object(Config\Cache), false)
 6 SYSTEMPATH\Boot.php(334): CodeIgniter\CodeIgniter->run()
 7 SYSTEMPATH\Boot.php(67): CodeIgniter\Boot::runCodeIgniter(Object(CodeIgniter\CodeIgniter))
 8 FCPATH\index.php(59): CodeIgniter\Boot::bootWeb(Object(Config\Paths))
 9 SYSTEMPATH\rewrite.php(44): require_once('C:\\laragon\\www\\projectPegawai-master\\public\\index.php')
CRITICAL - 2025-07-18 04:04:31 --> ParseError: syntax error, unexpected token "}", expecting ";"
[Method: GET, Route: staff/dokumen-staff]
in APPPATH\Controllers\DokumenControllerStaff.php on line 338.
 1 VENDORPATH\composer\ClassLoader.php(428): Composer\Autoload\includeFile('C:\\laragon\\www\\projectPegawai-master\\vendor\\composer/../../app/Controllers/DokumenControllerStaff.php')
 2 [internal function]: Composer\Autoload\ClassLoader->loadClass('App\\Controllers\\DokumenControllerStaff')
 3 SYSTEMPATH\CodeIgniter.php(885): class_exists('\\App\\Controllers\\DokumenControllerStaff', true)
 4 SYSTEMPATH\CodeIgniter.php(494): CodeIgniter\CodeIgniter->startController()
 5 SYSTEMPATH\CodeIgniter.php(354): CodeIgniter\CodeIgniter->handleRequest(null, Object(Config\Cache), false)
 6 SYSTEMPATH\Boot.php(334): CodeIgniter\CodeIgniter->run()
 7 SYSTEMPATH\Boot.php(67): CodeIgniter\Boot::runCodeIgniter(Object(CodeIgniter\CodeIgniter))
 8 FCPATH\index.php(59): CodeIgniter\Boot::bootWeb(Object(Config\Paths))
 9 SYSTEMPATH\rewrite.php(44): require_once('C:\\laragon\\www\\projectPegawai-master\\public\\index.php')
CRITICAL - 2025-07-18 04:05:37 --> ParseError: syntax error, unexpected token "}", expecting ";"
[Method: GET, Route: staff/dokumen-staff]
in APPPATH\Controllers\DokumenControllerStaff.php on line 338.
 1 VENDORPATH\composer\ClassLoader.php(428): Composer\Autoload\includeFile('C:\\laragon\\www\\projectPegawai-master\\vendor\\composer/../../app/Controllers/DokumenControllerStaff.php')
 2 [internal function]: Composer\Autoload\ClassLoader->loadClass('App\\Controllers\\DokumenControllerStaff')
 3 SYSTEMPATH\CodeIgniter.php(885): class_exists('\\App\\Controllers\\DokumenControllerStaff', true)
 4 SYSTEMPATH\CodeIgniter.php(494): CodeIgniter\CodeIgniter->startController()
 5 SYSTEMPATH\CodeIgniter.php(354): CodeIgniter\CodeIgniter->handleRequest(null, Object(Config\Cache), false)
 6 SYSTEMPATH\Boot.php(334): CodeIgniter\CodeIgniter->run()
 7 SYSTEMPATH\Boot.php(67): CodeIgniter\Boot::runCodeIgniter(Object(CodeIgniter\CodeIgniter))
 8 FCPATH\index.php(59): CodeIgniter\Boot::bootWeb(Object(Config\Paths))
 9 SYSTEMPATH\rewrite.php(44): require_once('C:\\laragon\\www\\projectPegawai-master\\public\\index.php')
CRITICAL - 2025-07-18 04:06:34 --> ErrorException: Cannot redeclare App\Controllers\DokumenControllerStaff::dokumenBersama()
[Method: GET, Route: staff/dokumen-umum]
in APPPATH\Controllers\DokumenControllerStaff.php on line 340.
 1 [internal function]: CodeIgniter\Debug\Exceptions->shutdownHandler()
CRITICAL - 2025-07-18 04:16:16 --> CodeIgniter\View\Exceptions\ViewException: Invalid file: "dokumenBersama.php"
[Method: GET, Route: staff/dokumen-bersama]
in SYSTEMPATH\Exceptions\FrameworkException.php on line 39.
 1 SYSTEMPATH\View\View.php(212): CodeIgniter\Exceptions\FrameworkException::forInvalidFile('dokumenBersama.php')
 2 SYSTEMPATH\Common.php(1173): CodeIgniter\View\View->render('dokumenBersama', [], true)
 3 APPPATH\Controllers\DokumenControllerStaff.php(310): view('dokumenBersama')
 4 SYSTEMPATH\CodeIgniter.php(933): App\Controllers\DokumenControllerStaff->dokumenBersama()
 5 SYSTEMPATH\CodeIgniter.php(507): CodeIgniter\CodeIgniter->runController(Object(App\Controllers\DokumenControllerStaff))
 6 SYSTEMPATH\CodeIgniter.php(354): CodeIgniter\CodeIgniter->handleRequest(null, Object(Config\Cache), false)
 7 SYSTEMPATH\Boot.php(334): CodeIgniter\CodeIgniter->run()
 8 SYSTEMPATH\Boot.php(67): CodeIgniter\Boot::runCodeIgniter(Object(CodeIgniter\CodeIgniter))
 9 FCPATH\index.php(59): CodeIgniter\Boot::bootWeb(Object(Config\Paths))
10 SYSTEMPATH\rewrite.php(44): require_once('C:\\laragon\\www\\projectPegawai-master\\public\\index.php')
CRITICAL - 2025-07-18 04:16:24 --> CodeIgniter\View\Exceptions\ViewException: Invalid file: "dokumenUmum.php"
[Method: GET, Route: staff/dokumen-umum]
in SYSTEMPATH\Exceptions\FrameworkException.php on line 39.
 1 SYSTEMPATH\View\View.php(212): CodeIgniter\Exceptions\FrameworkException::forInvalidFile('dokumenUmum.php')
 2 SYSTEMPATH\Common.php(1173): CodeIgniter\View\View->render('dokumenUmum', [], true)
 3 APPPATH\Controllers\DokumenControllerStaff.php(313): view('dokumenUmum')
 4 SYSTEMPATH\CodeIgniter.php(933): App\Controllers\DokumenControllerStaff->dokumenUmum()
 5 SYSTEMPATH\CodeIgniter.php(507): CodeIgniter\CodeIgniter->runController(Object(App\Controllers\DokumenControllerStaff))
 6 SYSTEMPATH\CodeIgniter.php(354): CodeIgniter\CodeIgniter->handleRequest(null, Object(Config\Cache), false)
 7 SYSTEMPATH\Boot.php(334): CodeIgniter\CodeIgniter->run()
 8 SYSTEMPATH\Boot.php(67): CodeIgniter\Boot::runCodeIgniter(Object(CodeIgniter\CodeIgniter))
 9 FCPATH\index.php(59): CodeIgniter\Boot::bootWeb(Object(Config\Paths))
10 SYSTEMPATH\rewrite.php(44): require_once('C:\\laragon\\www\\projectPegawai-master\\public\\index.php')
CRITICAL - 2025-07-18 04:16:29 --> CodeIgniter\View\Exceptions\ViewException: Invalid file: "dokumenBersama.php"
[Method: GET, Route: staff/dokumen-bersama]
in SYSTEMPATH\Exceptions\FrameworkException.php on line 39.
 1 SYSTEMPATH\View\View.php(212): CodeIgniter\Exceptions\FrameworkException::forInvalidFile('dokumenBersama.php')
 2 SYSTEMPATH\Common.php(1173): CodeIgniter\View\View->render('dokumenBersama', [], true)
 3 APPPATH\Controllers\DokumenControllerStaff.php(310): view('dokumenBersama')
 4 SYSTEMPATH\CodeIgniter.php(933): App\Controllers\DokumenControllerStaff->dokumenBersama()
 5 SYSTEMPATH\CodeIgniter.php(507): CodeIgniter\CodeIgniter->runController(Object(App\Controllers\DokumenControllerStaff))
 6 SYSTEMPATH\CodeIgniter.php(354): CodeIgniter\CodeIgniter->handleRequest(null, Object(Config\Cache), false)
 7 SYSTEMPATH\Boot.php(334): CodeIgniter\CodeIgniter->run()
 8 SYSTEMPATH\Boot.php(67): CodeIgniter\Boot::runCodeIgniter(Object(CodeIgniter\CodeIgniter))
 9 FCPATH\index.php(59): CodeIgniter\Boot::bootWeb(Object(Config\Paths))
10 SYSTEMPATH\rewrite.php(44): require_once('C:\\laragon\\www\\projectPegawai-master\\public\\index.php')
CRITICAL - 2025-07-18 08:42:25 --> ParseError: syntax error, unexpected token "<", expecting end of file
[Method: GET, Route: staff/dashboard]
in APPPATH\Views\Staff\dashboard.php on line 137.
 1 SYSTEMPATH\View\View.php(227): CodeIgniter\View\View->CodeIgniter\View\{closure}()
 2 SYSTEMPATH\Common.php(1173): CodeIgniter\View\View->render('staff/dashboard', [], true)
 3 APPPATH\Controllers\DokumenControllerStaff.php(39): view('staff/dashboard', [...])
 4 SYSTEMPATH\CodeIgniter.php(933): App\Controllers\DokumenControllerStaff->dashboard()
 5 SYSTEMPATH\CodeIgniter.php(507): CodeIgniter\CodeIgniter->runController(Object(App\Controllers\DokumenControllerStaff))
 6 SYSTEMPATH\CodeIgniter.php(354): CodeIgniter\CodeIgniter->handleRequest(null, Object(Config\Cache), false)
 7 SYSTEMPATH\Boot.php(334): CodeIgniter\CodeIgniter->run()
 8 SYSTEMPATH\Boot.php(67): CodeIgniter\Boot::runCodeIgniter(Object(CodeIgniter\CodeIgniter))
 9 FCPATH\index.php(59): CodeIgniter\Boot::bootWeb(Object(Config\Paths))
10 SYSTEMPATH\rewrite.php(44): require_once('C:\\laragon\\www\\projectPegawai-master\\public\\index.php')
CRITICAL - 2025-07-18 08:42:53 --> ErrorException: Undefined variable $totalFolders
[Method: GET, Route: staff/dashboard]
in APPPATH\Views\Staff\dashboard.php on line 100.
 1 APPPATH\Views\Staff\dashboard.php(100): CodeIgniter\Debug\Exceptions->errorHandler(2, 'Undefined variable $totalFolders', 'C:\\laragon\\www\\projectPegawai-master\\app\\Views\\Staff\\dashboard.php', 100)
 2 SYSTEMPATH\View\View.php(224): include('C:\\laragon\\www\\projectPegawai-master\\app\\Views\\Staff\\dashboard.php')
 3 SYSTEMPATH\View\View.php(227): CodeIgniter\View\View->CodeIgniter\View\{closure}()
 4 SYSTEMPATH\Common.php(1173): CodeIgniter\View\View->render('staff/dashboard', [], true)
 5 APPPATH\Controllers\DokumenControllerStaff.php(39): view('staff/dashboard', [...])
 6 SYSTEMPATH\CodeIgniter.php(933): App\Controllers\DokumenControllerStaff->dashboard()
 7 SYSTEMPATH\CodeIgniter.php(507): CodeIgniter\CodeIgniter->runController(Object(App\Controllers\DokumenControllerStaff))
 8 SYSTEMPATH\CodeIgniter.php(354): CodeIgniter\CodeIgniter->handleRequest(null, Object(Config\Cache), false)
 9 SYSTEMPATH\Boot.php(334): CodeIgniter\CodeIgniter->run()
10 SYSTEMPATH\Boot.php(67): CodeIgniter\Boot::runCodeIgniter(Object(CodeIgniter\CodeIgniter))
11 FCPATH\index.php(59): CodeIgniter\Boot::bootWeb(Object(Config\Paths))
12 SYSTEMPATH\rewrite.php(44): require_once('C:\\laragon\\www\\projectPegawai-master\\public\\index.php')
CRITICAL - 2025-07-18 08:42:55 --> ErrorException: Undefined variable $totalFolders
[Method: GET, Route: staff/dashboard]
in APPPATH\Views\Staff\dashboard.php on line 100.
 1 APPPATH\Views\Staff\dashboard.php(100): CodeIgniter\Debug\Exceptions->errorHandler(2, 'Undefined variable $totalFolders', 'C:\\laragon\\www\\projectPegawai-master\\app\\Views\\Staff\\dashboard.php', 100)
 2 SYSTEMPATH\View\View.php(224): include('C:\\laragon\\www\\projectPegawai-master\\app\\Views\\Staff\\dashboard.php')
 3 SYSTEMPATH\View\View.php(227): CodeIgniter\View\View->CodeIgniter\View\{closure}()
 4 SYSTEMPATH\Common.php(1173): CodeIgniter\View\View->render('staff/dashboard', [], true)
 5 APPPATH\Controllers\DokumenControllerStaff.php(39): view('staff/dashboard', [...])
 6 SYSTEMPATH\CodeIgniter.php(933): App\Controllers\DokumenControllerStaff->dashboard()
 7 SYSTEMPATH\CodeIgniter.php(507): CodeIgniter\CodeIgniter->runController(Object(App\Controllers\DokumenControllerStaff))
 8 SYSTEMPATH\CodeIgniter.php(354): CodeIgniter\CodeIgniter->handleRequest(null, Object(Config\Cache), false)
 9 SYSTEMPATH\Boot.php(334): CodeIgniter\CodeIgniter->run()
10 SYSTEMPATH\Boot.php(67): CodeIgniter\Boot::runCodeIgniter(Object(CodeIgniter\CodeIgniter))
11 FCPATH\index.php(59): CodeIgniter\Boot::bootWeb(Object(Config\Paths))
12 SYSTEMPATH\rewrite.php(44): require_once('C:\\laragon\\www\\projectPegawai-master\\public\\index.php')
