CRITICAL - 2025-07-22 08:25:57 --> CodeIgniter\Exceptions\BadMethodCallException: Call to undefined method App\Models\FolderModel::getBreadcrumbs
[Method: GET, Route: staff/folder/1]
in SYSTEMPATH\Model.php on line 930.
 1 APPPATH\Controllers\DokumenControllerStaff.php(232): CodeIgniter\Model->__call('getBreadcrumbs', [...])
 2 SYSTEMPATH\CodeIgniter.php(933): App\Controllers\DokumenControllerStaff->viewFolder('1')
 3 SYSTEMPATH\CodeIgniter.php(507): CodeIgniter\CodeIgniter->runController(Object(App\Controllers\DokumenControllerStaff))
 4 SYSTEMPATH\CodeIgniter.php(354): CodeIgniter\CodeIgniter->handleRequest(null, Object(Config\Cache), false)
 5 SYSTEMPATH\Boot.php(334): CodeIgniter\CodeIgniter->run()
 6 SYSTEMPATH\Boot.php(67): CodeIgniter\Boot::runCodeIgniter(Object(CodeIgniter\CodeIgniter))
 7 FCPATH\index.php(59): CodeIgniter\Boot::bootWeb(Object(Config\Paths))
 8 SYSTEMPATH\rewrite.php(44): require_once('C:\\laragon\\www\\projectPegawai-master\\public\\index.php')
CRITICAL - 2025-07-22 08:53:14 --> ErrorException: file_get_contents(C:\Users\ADV\AppData\Local\Temp\zipFE73.tmp): Failed to open stream: No such file or directory
[Method: GET, Route: folder/download/35]
in APPPATH\Controllers\Folder.php on line 249.
 1 [internal function]: CodeIgniter\Debug\Exceptions->errorHandler(2, 'file_get_contents(C:\\Users\\ADV\\AppData\\Local\\Temp\\zipFE73.tmp): Failed to open stream: No such file or directory', 'C:\\laragon\\www\\projectPegawai-master\\app\\Controllers\\Folder.php', 249)
 2 APPPATH\Controllers\Folder.php(249): file_get_contents('C:\\Users\\ADV\\AppData\\Local\\Temp\\zipFE73.tmp')
 3 SYSTEMPATH\CodeIgniter.php(933): App\Controllers\Folder->download('35')
 4 SYSTEMPATH\CodeIgniter.php(507): CodeIgniter\CodeIgniter->runController(Object(App\Controllers\Folder))
 5 SYSTEMPATH\CodeIgniter.php(354): CodeIgniter\CodeIgniter->handleRequest(null, Object(Config\Cache), false)
 6 SYSTEMPATH\Boot.php(334): CodeIgniter\CodeIgniter->run()
 7 SYSTEMPATH\Boot.php(67): CodeIgniter\Boot::runCodeIgniter(Object(CodeIgniter\CodeIgniter))
 8 FCPATH\index.php(59): CodeIgniter\Boot::bootWeb(Object(Config\Paths))
 9 SYSTEMPATH\rewrite.php(44): require_once('C:\\laragon\\www\\projectPegawai-master\\public\\index.php')
ERROR - 2025-07-22 10:23:54 --> mysqli_sql_exception: Unknown column 'owner_role' in 'where clause' in C:\laragon\www\projectPegawai-master\vendor\codeigniter4\framework\system\Database\MySQLi\Connection.php:327
Stack trace:
#0 C:\laragon\www\projectPegawai-master\vendor\codeigniter4\framework\system\Database\MySQLi\Connection.php(327): mysqli->query('SELECT *\nFROM `...', 0)
#1 C:\laragon\www\projectPegawai-master\vendor\codeigniter4\framework\system\Database\BaseConnection.php(738): CodeIgniter\Database\MySQLi\Connection->execute('SELECT *\nFROM `...')
#2 C:\laragon\www\projectPegawai-master\vendor\codeigniter4\framework\system\Database\BaseConnection.php(652): CodeIgniter\Database\BaseConnection->simpleQuery('SELECT *\nFROM `...')
#3 C:\laragon\www\projectPegawai-master\vendor\codeigniter4\framework\system\Database\BaseBuilder.php(1649): CodeIgniter\Database\BaseConnection->query('SELECT *\nFROM `...', Array, false)
#4 C:\laragon\www\projectPegawai-master\vendor\codeigniter4\framework\system\Model.php(286): CodeIgniter\Database\BaseBuilder->get()
#5 C:\laragon\www\projectPegawai-master\vendor\codeigniter4\framework\system\BaseModel.php(679): CodeIgniter\Model->doFindAll(0, 0)
#6 C:\laragon\www\projectPegawai-master\app\Controllers\DokumenControllerHRD.php(38): CodeIgniter\BaseModel->findAll()
#7 C:\laragon\www\projectPegawai-master\vendor\codeigniter4\framework\system\CodeIgniter.php(933): App\Controllers\DokumenControllerHRD->dokumenStaff()
#8 C:\laragon\www\projectPegawai-master\vendor\codeigniter4\framework\system\CodeIgniter.php(507): CodeIgniter\CodeIgniter->runController(Object(App\Controllers\DokumenControllerHRD))
#9 C:\laragon\www\projectPegawai-master\vendor\codeigniter4\framework\system\CodeIgniter.php(354): CodeIgniter\CodeIgniter->handleRequest(NULL, Object(Config\Cache), false)
#10 C:\laragon\www\projectPegawai-master\vendor\codeigniter4\framework\system\Boot.php(334): CodeIgniter\CodeIgniter->run()
#11 C:\laragon\www\projectPegawai-master\vendor\codeigniter4\framework\system\Boot.php(67): CodeIgniter\Boot::runCodeIgniter(Object(CodeIgniter\CodeIgniter))
#12 C:\laragon\www\projectPegawai-master\public\index.php(59): CodeIgniter\Boot::bootWeb(Object(Config\Paths))
#13 C:\laragon\www\projectPegawai-master\vendor\codeigniter4\framework\system\rewrite.php(44): require_once('C:\\laragon\\www\\...')
#14 {main}
CRITICAL - 2025-07-22 10:23:54 --> CodeIgniter\Database\Exceptions\DatabaseException: Unknown column 'owner_role' in 'where clause'
[Method: GET, Route: hrd/dokumen-staff]
in SYSTEMPATH\Database\BaseConnection.php on line 692.
 1 SYSTEMPATH\Database\BaseBuilder.php(1649): CodeIgniter\Database\BaseConnection->query('SELECT *
FROM `folders`
WHERE `owner_role` = :owner_role:', [...], false)
 2 SYSTEMPATH\Model.php(286): CodeIgniter\Database\BaseBuilder->get()
 3 SYSTEMPATH\BaseModel.php(679): CodeIgniter\Model->doFindAll(0, 0)
 4 APPPATH\Controllers\DokumenControllerHRD.php(38): CodeIgniter\BaseModel->findAll()
 5 SYSTEMPATH\CodeIgniter.php(933): App\Controllers\DokumenControllerHRD->dokumenStaff()
 6 SYSTEMPATH\CodeIgniter.php(507): CodeIgniter\CodeIgniter->runController(Object(App\Controllers\DokumenControllerHRD))
 7 SYSTEMPATH\CodeIgniter.php(354): CodeIgniter\CodeIgniter->handleRequest(null, Object(Config\Cache), false)
 8 SYSTEMPATH\Boot.php(334): CodeIgniter\CodeIgniter->run()
 9 SYSTEMPATH\Boot.php(67): CodeIgniter\Boot::runCodeIgniter(Object(CodeIgniter\CodeIgniter))
10 FCPATH\index.php(59): CodeIgniter\Boot::bootWeb(Object(Config\Paths))
11 SYSTEMPATH\rewrite.php(44): require_once('C:\\laragon\\www\\projectPegawai-master\\public\\index.php')
CRITICAL - 2025-07-22 10:23:54 --> [Caused by] CodeIgniter\Database\Exceptions\DatabaseException: Unknown column 'owner_role' in 'where clause'
in SYSTEMPATH\Database\MySQLi\Connection.php on line 332.
 1 SYSTEMPATH\Database\BaseConnection.php(738): CodeIgniter\Database\MySQLi\Connection->execute('SELECT *
FROM `folders`
WHERE `owner_role` = \'staff\'')
 2 SYSTEMPATH\Database\BaseConnection.php(652): CodeIgniter\Database\BaseConnection->simpleQuery('SELECT *
FROM `folders`
WHERE `owner_role` = \'staff\'')
 3 SYSTEMPATH\Database\BaseBuilder.php(1649): CodeIgniter\Database\BaseConnection->query('SELECT *
FROM `folders`
WHERE `owner_role` = :owner_role:', [...], false)
 4 SYSTEMPATH\Model.php(286): CodeIgniter\Database\BaseBuilder->get()
 5 SYSTEMPATH\BaseModel.php(679): CodeIgniter\Model->doFindAll(0, 0)
 6 APPPATH\Controllers\DokumenControllerHRD.php(38): CodeIgniter\BaseModel->findAll()
 7 SYSTEMPATH\CodeIgniter.php(933): App\Controllers\DokumenControllerHRD->dokumenStaff()
 8 SYSTEMPATH\CodeIgniter.php(507): CodeIgniter\CodeIgniter->runController(Object(App\Controllers\DokumenControllerHRD))
 9 SYSTEMPATH\CodeIgniter.php(354): CodeIgniter\CodeIgniter->handleRequest(null, Object(Config\Cache), false)
10 SYSTEMPATH\Boot.php(334): CodeIgniter\CodeIgniter->run()
11 SYSTEMPATH\Boot.php(67): CodeIgniter\Boot::runCodeIgniter(Object(CodeIgniter\CodeIgniter))
12 FCPATH\index.php(59): CodeIgniter\Boot::bootWeb(Object(Config\Paths))
13 SYSTEMPATH\rewrite.php(44): require_once('C:\\laragon\\www\\projectPegawai-master\\public\\index.php')
CRITICAL - 2025-07-22 10:23:54 --> [Caused by] mysqli_sql_exception: Unknown column 'owner_role' in 'where clause'
in SYSTEMPATH\Database\MySQLi\Connection.php on line 327.
 1 SYSTEMPATH\Database\MySQLi\Connection.php(327): mysqli->query('SELECT *
FROM `folders`
WHERE `owner_role` = \'staff\'', 0)
 2 SYSTEMPATH\Database\BaseConnection.php(738): CodeIgniter\Database\MySQLi\Connection->execute('SELECT *
FROM `folders`
WHERE `owner_role` = \'staff\'')
 3 SYSTEMPATH\Database\BaseConnection.php(652): CodeIgniter\Database\BaseConnection->simpleQuery('SELECT *
FROM `folders`
WHERE `owner_role` = \'staff\'')
 4 SYSTEMPATH\Database\BaseBuilder.php(1649): CodeIgniter\Database\BaseConnection->query('SELECT *
FROM `folders`
WHERE `owner_role` = :owner_role:', [...], false)
 5 SYSTEMPATH\Model.php(286): CodeIgniter\Database\BaseBuilder->get()
 6 SYSTEMPATH\BaseModel.php(679): CodeIgniter\Model->doFindAll(0, 0)
 7 APPPATH\Controllers\DokumenControllerHRD.php(38): CodeIgniter\BaseModel->findAll()
 8 SYSTEMPATH\CodeIgniter.php(933): App\Controllers\DokumenControllerHRD->dokumenStaff()
 9 SYSTEMPATH\CodeIgniter.php(507): CodeIgniter\CodeIgniter->runController(Object(App\Controllers\DokumenControllerHRD))
10 SYSTEMPATH\CodeIgniter.php(354): CodeIgniter\CodeIgniter->handleRequest(null, Object(Config\Cache), false)
11 SYSTEMPATH\Boot.php(334): CodeIgniter\CodeIgniter->run()
12 SYSTEMPATH\Boot.php(67): CodeIgniter\Boot::runCodeIgniter(Object(CodeIgniter\CodeIgniter))
13 FCPATH\index.php(59): CodeIgniter\Boot::bootWeb(Object(Config\Paths))
14 SYSTEMPATH\rewrite.php(44): require_once('C:\\laragon\\www\\projectPegawai-master\\public\\index.php')
ERROR - 2025-07-22 10:26:24 --> mysqli_sql_exception: Unknown column 'role_owner' in 'where clause' in C:\laragon\www\projectPegawai-master\vendor\codeigniter4\framework\system\Database\MySQLi\Connection.php:327
Stack trace:
#0 C:\laragon\www\projectPegawai-master\vendor\codeigniter4\framework\system\Database\MySQLi\Connection.php(327): mysqli->query('SELECT *\nFROM `...', 0)
#1 C:\laragon\www\projectPegawai-master\vendor\codeigniter4\framework\system\Database\BaseConnection.php(738): CodeIgniter\Database\MySQLi\Connection->execute('SELECT *\nFROM `...')
#2 C:\laragon\www\projectPegawai-master\vendor\codeigniter4\framework\system\Database\BaseConnection.php(652): CodeIgniter\Database\BaseConnection->simpleQuery('SELECT *\nFROM `...')
#3 C:\laragon\www\projectPegawai-master\vendor\codeigniter4\framework\system\Database\BaseBuilder.php(1649): CodeIgniter\Database\BaseConnection->query('SELECT *\nFROM `...', Array, false)
#4 C:\laragon\www\projectPegawai-master\vendor\codeigniter4\framework\system\Model.php(286): CodeIgniter\Database\BaseBuilder->get()
#5 C:\laragon\www\projectPegawai-master\vendor\codeigniter4\framework\system\BaseModel.php(679): CodeIgniter\Model->doFindAll(0, 0)
#6 C:\laragon\www\projectPegawai-master\app\Controllers\DokumenControllerHRD.php(38): CodeIgniter\BaseModel->findAll()
#7 C:\laragon\www\projectPegawai-master\vendor\codeigniter4\framework\system\CodeIgniter.php(933): App\Controllers\DokumenControllerHRD->dokumenStaff()
#8 C:\laragon\www\projectPegawai-master\vendor\codeigniter4\framework\system\CodeIgniter.php(507): CodeIgniter\CodeIgniter->runController(Object(App\Controllers\DokumenControllerHRD))
#9 C:\laragon\www\projectPegawai-master\vendor\codeigniter4\framework\system\CodeIgniter.php(354): CodeIgniter\CodeIgniter->handleRequest(NULL, Object(Config\Cache), false)
#10 C:\laragon\www\projectPegawai-master\vendor\codeigniter4\framework\system\Boot.php(334): CodeIgniter\CodeIgniter->run()
#11 C:\laragon\www\projectPegawai-master\vendor\codeigniter4\framework\system\Boot.php(67): CodeIgniter\Boot::runCodeIgniter(Object(CodeIgniter\CodeIgniter))
#12 C:\laragon\www\projectPegawai-master\public\index.php(59): CodeIgniter\Boot::bootWeb(Object(Config\Paths))
#13 C:\laragon\www\projectPegawai-master\vendor\codeigniter4\framework\system\rewrite.php(44): require_once('C:\\laragon\\www\\...')
#14 {main}
CRITICAL - 2025-07-22 10:26:24 --> CodeIgniter\Database\Exceptions\DatabaseException: Unknown column 'role_owner' in 'where clause'
[Method: GET, Route: hrd/dokumen-staff]
in SYSTEMPATH\Database\BaseConnection.php on line 692.
 1 SYSTEMPATH\Database\BaseBuilder.php(1649): CodeIgniter\Database\BaseConnection->query('SELECT *
FROM `folders`
WHERE `role_owner` = :role_owner:', [...], false)
 2 SYSTEMPATH\Model.php(286): CodeIgniter\Database\BaseBuilder->get()
 3 SYSTEMPATH\BaseModel.php(679): CodeIgniter\Model->doFindAll(0, 0)
 4 APPPATH\Controllers\DokumenControllerHRD.php(38): CodeIgniter\BaseModel->findAll()
 5 SYSTEMPATH\CodeIgniter.php(933): App\Controllers\DokumenControllerHRD->dokumenStaff()
 6 SYSTEMPATH\CodeIgniter.php(507): CodeIgniter\CodeIgniter->runController(Object(App\Controllers\DokumenControllerHRD))
 7 SYSTEMPATH\CodeIgniter.php(354): CodeIgniter\CodeIgniter->handleRequest(null, Object(Config\Cache), false)
 8 SYSTEMPATH\Boot.php(334): CodeIgniter\CodeIgniter->run()
 9 SYSTEMPATH\Boot.php(67): CodeIgniter\Boot::runCodeIgniter(Object(CodeIgniter\CodeIgniter))
10 FCPATH\index.php(59): CodeIgniter\Boot::bootWeb(Object(Config\Paths))
11 SYSTEMPATH\rewrite.php(44): require_once('C:\\laragon\\www\\projectPegawai-master\\public\\index.php')
CRITICAL - 2025-07-22 10:26:24 --> [Caused by] CodeIgniter\Database\Exceptions\DatabaseException: Unknown column 'role_owner' in 'where clause'
in SYSTEMPATH\Database\MySQLi\Connection.php on line 332.
 1 SYSTEMPATH\Database\BaseConnection.php(738): CodeIgniter\Database\MySQLi\Connection->execute('SELECT *
FROM `folders`
WHERE `role_owner` = \'staff\'')
 2 SYSTEMPATH\Database\BaseConnection.php(652): CodeIgniter\Database\BaseConnection->simpleQuery('SELECT *
FROM `folders`
WHERE `role_owner` = \'staff\'')
 3 SYSTEMPATH\Database\BaseBuilder.php(1649): CodeIgniter\Database\BaseConnection->query('SELECT *
FROM `folders`
WHERE `role_owner` = :role_owner:', [...], false)
 4 SYSTEMPATH\Model.php(286): CodeIgniter\Database\BaseBuilder->get()
 5 SYSTEMPATH\BaseModel.php(679): CodeIgniter\Model->doFindAll(0, 0)
 6 APPPATH\Controllers\DokumenControllerHRD.php(38): CodeIgniter\BaseModel->findAll()
 7 SYSTEMPATH\CodeIgniter.php(933): App\Controllers\DokumenControllerHRD->dokumenStaff()
 8 SYSTEMPATH\CodeIgniter.php(507): CodeIgniter\CodeIgniter->runController(Object(App\Controllers\DokumenControllerHRD))
 9 SYSTEMPATH\CodeIgniter.php(354): CodeIgniter\CodeIgniter->handleRequest(null, Object(Config\Cache), false)
10 SYSTEMPATH\Boot.php(334): CodeIgniter\CodeIgniter->run()
11 SYSTEMPATH\Boot.php(67): CodeIgniter\Boot::runCodeIgniter(Object(CodeIgniter\CodeIgniter))
12 FCPATH\index.php(59): CodeIgniter\Boot::bootWeb(Object(Config\Paths))
13 SYSTEMPATH\rewrite.php(44): require_once('C:\\laragon\\www\\projectPegawai-master\\public\\index.php')
CRITICAL - 2025-07-22 10:26:24 --> [Caused by] mysqli_sql_exception: Unknown column 'role_owner' in 'where clause'
in SYSTEMPATH\Database\MySQLi\Connection.php on line 327.
 1 SYSTEMPATH\Database\MySQLi\Connection.php(327): mysqli->query('SELECT *
FROM `folders`
WHERE `role_owner` = \'staff\'', 0)
 2 SYSTEMPATH\Database\BaseConnection.php(738): CodeIgniter\Database\MySQLi\Connection->execute('SELECT *
FROM `folders`
WHERE `role_owner` = \'staff\'')
 3 SYSTEMPATH\Database\BaseConnection.php(652): CodeIgniter\Database\BaseConnection->simpleQuery('SELECT *
FROM `folders`
WHERE `role_owner` = \'staff\'')
 4 SYSTEMPATH\Database\BaseBuilder.php(1649): CodeIgniter\Database\BaseConnection->query('SELECT *
FROM `folders`
WHERE `role_owner` = :role_owner:', [...], false)
 5 SYSTEMPATH\Model.php(286): CodeIgniter\Database\BaseBuilder->get()
 6 SYSTEMPATH\BaseModel.php(679): CodeIgniter\Model->doFindAll(0, 0)
 7 APPPATH\Controllers\DokumenControllerHRD.php(38): CodeIgniter\BaseModel->findAll()
 8 SYSTEMPATH\CodeIgniter.php(933): App\Controllers\DokumenControllerHRD->dokumenStaff()
 9 SYSTEMPATH\CodeIgniter.php(507): CodeIgniter\CodeIgniter->runController(Object(App\Controllers\DokumenControllerHRD))
10 SYSTEMPATH\CodeIgniter.php(354): CodeIgniter\CodeIgniter->handleRequest(null, Object(Config\Cache), false)
11 SYSTEMPATH\Boot.php(334): CodeIgniter\CodeIgniter->run()
12 SYSTEMPATH\Boot.php(67): CodeIgniter\Boot::runCodeIgniter(Object(CodeIgniter\CodeIgniter))
13 FCPATH\index.php(59): CodeIgniter\Boot::bootWeb(Object(Config\Paths))
14 SYSTEMPATH\rewrite.php(44): require_once('C:\\laragon\\www\\projectPegawai-master\\public\\index.php')
ERROR - 2025-07-22 10:26:25 --> mysqli_sql_exception: Unknown column 'role_owner' in 'where clause' in C:\laragon\www\projectPegawai-master\vendor\codeigniter4\framework\system\Database\MySQLi\Connection.php:327
Stack trace:
#0 C:\laragon\www\projectPegawai-master\vendor\codeigniter4\framework\system\Database\MySQLi\Connection.php(327): mysqli->query('SELECT *\nFROM `...', 0)
#1 C:\laragon\www\projectPegawai-master\vendor\codeigniter4\framework\system\Database\BaseConnection.php(738): CodeIgniter\Database\MySQLi\Connection->execute('SELECT *\nFROM `...')
#2 C:\laragon\www\projectPegawai-master\vendor\codeigniter4\framework\system\Database\BaseConnection.php(652): CodeIgniter\Database\BaseConnection->simpleQuery('SELECT *\nFROM `...')
#3 C:\laragon\www\projectPegawai-master\vendor\codeigniter4\framework\system\Database\BaseBuilder.php(1649): CodeIgniter\Database\BaseConnection->query('SELECT *\nFROM `...', Array, false)
#4 C:\laragon\www\projectPegawai-master\vendor\codeigniter4\framework\system\Model.php(286): CodeIgniter\Database\BaseBuilder->get()
#5 C:\laragon\www\projectPegawai-master\vendor\codeigniter4\framework\system\BaseModel.php(679): CodeIgniter\Model->doFindAll(0, 0)
#6 C:\laragon\www\projectPegawai-master\app\Controllers\DokumenControllerHRD.php(38): CodeIgniter\BaseModel->findAll()
#7 C:\laragon\www\projectPegawai-master\vendor\codeigniter4\framework\system\CodeIgniter.php(933): App\Controllers\DokumenControllerHRD->dokumenStaff()
#8 C:\laragon\www\projectPegawai-master\vendor\codeigniter4\framework\system\CodeIgniter.php(507): CodeIgniter\CodeIgniter->runController(Object(App\Controllers\DokumenControllerHRD))
#9 C:\laragon\www\projectPegawai-master\vendor\codeigniter4\framework\system\CodeIgniter.php(354): CodeIgniter\CodeIgniter->handleRequest(NULL, Object(Config\Cache), false)
#10 C:\laragon\www\projectPegawai-master\vendor\codeigniter4\framework\system\Boot.php(334): CodeIgniter\CodeIgniter->run()
#11 C:\laragon\www\projectPegawai-master\vendor\codeigniter4\framework\system\Boot.php(67): CodeIgniter\Boot::runCodeIgniter(Object(CodeIgniter\CodeIgniter))
#12 C:\laragon\www\projectPegawai-master\public\index.php(59): CodeIgniter\Boot::bootWeb(Object(Config\Paths))
#13 C:\laragon\www\projectPegawai-master\vendor\codeigniter4\framework\system\rewrite.php(44): require_once('C:\\laragon\\www\\...')
#14 {main}
CRITICAL - 2025-07-22 10:26:25 --> CodeIgniter\Database\Exceptions\DatabaseException: Unknown column 'role_owner' in 'where clause'
[Method: GET, Route: hrd/dokumen-staff]
in SYSTEMPATH\Database\BaseConnection.php on line 692.
 1 SYSTEMPATH\Database\BaseBuilder.php(1649): CodeIgniter\Database\BaseConnection->query('SELECT *
FROM `folders`
WHERE `role_owner` = :role_owner:', [...], false)
 2 SYSTEMPATH\Model.php(286): CodeIgniter\Database\BaseBuilder->get()
 3 SYSTEMPATH\BaseModel.php(679): CodeIgniter\Model->doFindAll(0, 0)
 4 APPPATH\Controllers\DokumenControllerHRD.php(38): CodeIgniter\BaseModel->findAll()
 5 SYSTEMPATH\CodeIgniter.php(933): App\Controllers\DokumenControllerHRD->dokumenStaff()
 6 SYSTEMPATH\CodeIgniter.php(507): CodeIgniter\CodeIgniter->runController(Object(App\Controllers\DokumenControllerHRD))
 7 SYSTEMPATH\CodeIgniter.php(354): CodeIgniter\CodeIgniter->handleRequest(null, Object(Config\Cache), false)
 8 SYSTEMPATH\Boot.php(334): CodeIgniter\CodeIgniter->run()
 9 SYSTEMPATH\Boot.php(67): CodeIgniter\Boot::runCodeIgniter(Object(CodeIgniter\CodeIgniter))
10 FCPATH\index.php(59): CodeIgniter\Boot::bootWeb(Object(Config\Paths))
11 SYSTEMPATH\rewrite.php(44): require_once('C:\\laragon\\www\\projectPegawai-master\\public\\index.php')
CRITICAL - 2025-07-22 10:26:25 --> [Caused by] CodeIgniter\Database\Exceptions\DatabaseException: Unknown column 'role_owner' in 'where clause'
in SYSTEMPATH\Database\MySQLi\Connection.php on line 332.
 1 SYSTEMPATH\Database\BaseConnection.php(738): CodeIgniter\Database\MySQLi\Connection->execute('SELECT *
FROM `folders`
WHERE `role_owner` = \'staff\'')
 2 SYSTEMPATH\Database\BaseConnection.php(652): CodeIgniter\Database\BaseConnection->simpleQuery('SELECT *
FROM `folders`
WHERE `role_owner` = \'staff\'')
 3 SYSTEMPATH\Database\BaseBuilder.php(1649): CodeIgniter\Database\BaseConnection->query('SELECT *
FROM `folders`
WHERE `role_owner` = :role_owner:', [...], false)
 4 SYSTEMPATH\Model.php(286): CodeIgniter\Database\BaseBuilder->get()
 5 SYSTEMPATH\BaseModel.php(679): CodeIgniter\Model->doFindAll(0, 0)
 6 APPPATH\Controllers\DokumenControllerHRD.php(38): CodeIgniter\BaseModel->findAll()
 7 SYSTEMPATH\CodeIgniter.php(933): App\Controllers\DokumenControllerHRD->dokumenStaff()
 8 SYSTEMPATH\CodeIgniter.php(507): CodeIgniter\CodeIgniter->runController(Object(App\Controllers\DokumenControllerHRD))
 9 SYSTEMPATH\CodeIgniter.php(354): CodeIgniter\CodeIgniter->handleRequest(null, Object(Config\Cache), false)
10 SYSTEMPATH\Boot.php(334): CodeIgniter\CodeIgniter->run()
11 SYSTEMPATH\Boot.php(67): CodeIgniter\Boot::runCodeIgniter(Object(CodeIgniter\CodeIgniter))
12 FCPATH\index.php(59): CodeIgniter\Boot::bootWeb(Object(Config\Paths))
13 SYSTEMPATH\rewrite.php(44): require_once('C:\\laragon\\www\\projectPegawai-master\\public\\index.php')
CRITICAL - 2025-07-22 10:26:25 --> [Caused by] mysqli_sql_exception: Unknown column 'role_owner' in 'where clause'
in SYSTEMPATH\Database\MySQLi\Connection.php on line 327.
 1 SYSTEMPATH\Database\MySQLi\Connection.php(327): mysqli->query('SELECT *
FROM `folders`
WHERE `role_owner` = \'staff\'', 0)
 2 SYSTEMPATH\Database\BaseConnection.php(738): CodeIgniter\Database\MySQLi\Connection->execute('SELECT *
FROM `folders`
WHERE `role_owner` = \'staff\'')
 3 SYSTEMPATH\Database\BaseConnection.php(652): CodeIgniter\Database\BaseConnection->simpleQuery('SELECT *
FROM `folders`
WHERE `role_owner` = \'staff\'')
 4 SYSTEMPATH\Database\BaseBuilder.php(1649): CodeIgniter\Database\BaseConnection->query('SELECT *
FROM `folders`
WHERE `role_owner` = :role_owner:', [...], false)
 5 SYSTEMPATH\Model.php(286): CodeIgniter\Database\BaseBuilder->get()
 6 SYSTEMPATH\BaseModel.php(679): CodeIgniter\Model->doFindAll(0, 0)
 7 APPPATH\Controllers\DokumenControllerHRD.php(38): CodeIgniter\BaseModel->findAll()
 8 SYSTEMPATH\CodeIgniter.php(933): App\Controllers\DokumenControllerHRD->dokumenStaff()
 9 SYSTEMPATH\CodeIgniter.php(507): CodeIgniter\CodeIgniter->runController(Object(App\Controllers\DokumenControllerHRD))
10 SYSTEMPATH\CodeIgniter.php(354): CodeIgniter\CodeIgniter->handleRequest(null, Object(Config\Cache), false)
11 SYSTEMPATH\Boot.php(334): CodeIgniter\CodeIgniter->run()
12 SYSTEMPATH\Boot.php(67): CodeIgniter\Boot::runCodeIgniter(Object(CodeIgniter\CodeIgniter))
13 FCPATH\index.php(59): CodeIgniter\Boot::bootWeb(Object(Config\Paths))
14 SYSTEMPATH\rewrite.php(44): require_once('C:\\laragon\\www\\projectPegawai-master\\public\\index.php')
CRITICAL - 2025-07-22 10:58:06 --> ErrorException: Undefined array key "full_path_physical"
[Method: GET, Route: hrd/file/view/4]
in APPPATH\Controllers\DokumenControllerHRD.php on line 430.
 1 APPPATH\Controllers\DokumenControllerHRD.php(430): CodeIgniter\Debug\Exceptions->errorHandler(2, 'Undefined array key "full_path_physical"', 'C:\\laragon\\www\\projectPegawai-master\\app\\Controllers\\DokumenControllerHRD.php', 430)
 2 SYSTEMPATH\CodeIgniter.php(933): App\Controllers\DokumenControllerHRD->viewFile('4')
 3 SYSTEMPATH\CodeIgniter.php(507): CodeIgniter\CodeIgniter->runController(Object(App\Controllers\DokumenControllerHRD))
 4 SYSTEMPATH\CodeIgniter.php(354): CodeIgniter\CodeIgniter->handleRequest(null, Object(Config\Cache), false)
 5 SYSTEMPATH\Boot.php(334): CodeIgniter\CodeIgniter->run()
 6 SYSTEMPATH\Boot.php(67): CodeIgniter\Boot::runCodeIgniter(Object(CodeIgniter\CodeIgniter))
 7 FCPATH\index.php(59): CodeIgniter\Boot::bootWeb(Object(Config\Paths))
 8 SYSTEMPATH\rewrite.php(44): require_once('C:\\laragon\\www\\projectPegawai-master\\public\\index.php')
ERROR - 2025-07-22 11:15:50 --> mysqli_sql_exception: Unknown column 'uploaded_by_id' in 'field list' in C:\laragon\www\projectPegawai-master\vendor\codeigniter4\framework\system\Database\MySQLi\Connection.php:327
Stack trace:
#0 C:\laragon\www\projectPegawai-master\vendor\codeigniter4\framework\system\Database\MySQLi\Connection.php(327): mysqli->query('SELECT `id`, `f...', 0)
#1 C:\laragon\www\projectPegawai-master\vendor\codeigniter4\framework\system\Database\BaseConnection.php(738): CodeIgniter\Database\MySQLi\Connection->execute('SELECT `id`, `f...')
#2 C:\laragon\www\projectPegawai-master\vendor\codeigniter4\framework\system\Database\BaseConnection.php(652): CodeIgniter\Database\BaseConnection->simpleQuery('SELECT `id`, `f...')
#3 C:\laragon\www\projectPegawai-master\vendor\codeigniter4\framework\system\Database\BaseBuilder.php(1649): CodeIgniter\Database\BaseConnection->query('SELECT `id`, `f...', Array, false)
#4 C:\laragon\www\projectPegawai-master\vendor\codeigniter4\framework\system\Model.php(286): CodeIgniter\Database\BaseBuilder->get()
#5 C:\laragon\www\projectPegawai-master\vendor\codeigniter4\framework\system\BaseModel.php(679): CodeIgniter\Model->doFindAll(0, 0)
#6 C:\laragon\www\projectPegawai-master\app\Controllers\DokumenControllerHRD.php(53): CodeIgniter\BaseModel->findAll()
#7 C:\laragon\www\projectPegawai-master\vendor\codeigniter4\framework\system\CodeIgniter.php(933): App\Controllers\DokumenControllerHRD->index()
#8 C:\laragon\www\projectPegawai-master\vendor\codeigniter4\framework\system\CodeIgniter.php(507): CodeIgniter\CodeIgniter->runController(Object(App\Controllers\DokumenControllerHRD))
#9 C:\laragon\www\projectPegawai-master\vendor\codeigniter4\framework\system\CodeIgniter.php(354): CodeIgniter\CodeIgniter->handleRequest(NULL, Object(Config\Cache), false)
#10 C:\laragon\www\projectPegawai-master\vendor\codeigniter4\framework\system\Boot.php(334): CodeIgniter\CodeIgniter->run()
#11 C:\laragon\www\projectPegawai-master\vendor\codeigniter4\framework\system\Boot.php(67): CodeIgniter\Boot::runCodeIgniter(Object(CodeIgniter\CodeIgniter))
#12 C:\laragon\www\projectPegawai-master\public\index.php(59): CodeIgniter\Boot::bootWeb(Object(Config\Paths))
#13 C:\laragon\www\projectPegawai-master\vendor\codeigniter4\framework\system\rewrite.php(44): require_once('C:\\laragon\\www\\...')
#14 {main}
CRITICAL - 2025-07-22 11:15:50 --> CodeIgniter\Database\Exceptions\DatabaseException: Unknown column 'uploaded_by_id' in 'field list'
[Method: GET, Route: hrd/dashboard]
in SYSTEMPATH\Database\BaseConnection.php on line 692.
 1 SYSTEMPATH\Database\BaseBuilder.php(1649): CodeIgniter\Database\BaseConnection->query('SELECT `id`, `file_name` as `name`, `folder_id` as `parent_id`, `uploaded_by_id` as `owner_id`, `created_at`, "file" as `type`
FROM `files`
ORDER BY `created_at` DESC
 LIMIT 10', [], false)
 2 SYSTEMPATH\Model.php(286): CodeIgniter\Database\BaseBuilder->get()
 3 SYSTEMPATH\BaseModel.php(679): CodeIgniter\Model->doFindAll(0, 0)
 4 APPPATH\Controllers\DokumenControllerHRD.php(53): CodeIgniter\BaseModel->findAll()
 5 SYSTEMPATH\CodeIgniter.php(933): App\Controllers\DokumenControllerHRD->index()
 6 SYSTEMPATH\CodeIgniter.php(507): CodeIgniter\CodeIgniter->runController(Object(App\Controllers\DokumenControllerHRD))
 7 SYSTEMPATH\CodeIgniter.php(354): CodeIgniter\CodeIgniter->handleRequest(null, Object(Config\Cache), false)
 8 SYSTEMPATH\Boot.php(334): CodeIgniter\CodeIgniter->run()
 9 SYSTEMPATH\Boot.php(67): CodeIgniter\Boot::runCodeIgniter(Object(CodeIgniter\CodeIgniter))
10 FCPATH\index.php(59): CodeIgniter\Boot::bootWeb(Object(Config\Paths))
11 SYSTEMPATH\rewrite.php(44): require_once('C:\\laragon\\www\\projectPegawai-master\\public\\index.php')
CRITICAL - 2025-07-22 11:15:50 --> [Caused by] CodeIgniter\Database\Exceptions\DatabaseException: Unknown column 'uploaded_by_id' in 'field list'
in SYSTEMPATH\Database\MySQLi\Connection.php on line 332.
 1 SYSTEMPATH\Database\BaseConnection.php(738): CodeIgniter\Database\MySQLi\Connection->execute('SELECT `id`, `file_name` as `name`, `folder_id` as `parent_id`, `uploaded_by_id` as `owner_id`, `created_at`, "file" as `type`
FROM `files`
ORDER BY `created_at` DESC
 LIMIT 10')
 2 SYSTEMPATH\Database\BaseConnection.php(652): CodeIgniter\Database\BaseConnection->simpleQuery('SELECT `id`, `file_name` as `name`, `folder_id` as `parent_id`, `uploaded_by_id` as `owner_id`, `created_at`, "file" as `type`
FROM `files`
ORDER BY `created_at` DESC
 LIMIT 10')
 3 SYSTEMPATH\Database\BaseBuilder.php(1649): CodeIgniter\Database\BaseConnection->query('SELECT `id`, `file_name` as `name`, `folder_id` as `parent_id`, `uploaded_by_id` as `owner_id`, `created_at`, "file" as `type`
FROM `files`
ORDER BY `created_at` DESC
 LIMIT 10', [], false)
 4 SYSTEMPATH\Model.php(286): CodeIgniter\Database\BaseBuilder->get()
 5 SYSTEMPATH\BaseModel.php(679): CodeIgniter\Model->doFindAll(0, 0)
 6 APPPATH\Controllers\DokumenControllerHRD.php(53): CodeIgniter\BaseModel->findAll()
 7 SYSTEMPATH\CodeIgniter.php(933): App\Controllers\DokumenControllerHRD->index()
 8 SYSTEMPATH\CodeIgniter.php(507): CodeIgniter\CodeIgniter->runController(Object(App\Controllers\DokumenControllerHRD))
 9 SYSTEMPATH\CodeIgniter.php(354): CodeIgniter\CodeIgniter->handleRequest(null, Object(Config\Cache), false)
10 SYSTEMPATH\Boot.php(334): CodeIgniter\CodeIgniter->run()
11 SYSTEMPATH\Boot.php(67): CodeIgniter\Boot::runCodeIgniter(Object(CodeIgniter\CodeIgniter))
12 FCPATH\index.php(59): CodeIgniter\Boot::bootWeb(Object(Config\Paths))
13 SYSTEMPATH\rewrite.php(44): require_once('C:\\laragon\\www\\projectPegawai-master\\public\\index.php')
CRITICAL - 2025-07-22 11:15:50 --> [Caused by] mysqli_sql_exception: Unknown column 'uploaded_by_id' in 'field list'
in SYSTEMPATH\Database\MySQLi\Connection.php on line 327.
 1 SYSTEMPATH\Database\MySQLi\Connection.php(327): mysqli->query('SELECT `id`, `file_name` as `name`, `folder_id` as `parent_id`, `uploaded_by_id` as `owner_id`, `created_at`, "file" as `type`
FROM `files`
ORDER BY `created_at` DESC
 LIMIT 10', 0)
 2 SYSTEMPATH\Database\BaseConnection.php(738): CodeIgniter\Database\MySQLi\Connection->execute('SELECT `id`, `file_name` as `name`, `folder_id` as `parent_id`, `uploaded_by_id` as `owner_id`, `created_at`, "file" as `type`
FROM `files`
ORDER BY `created_at` DESC
 LIMIT 10')
 3 SYSTEMPATH\Database\BaseConnection.php(652): CodeIgniter\Database\BaseConnection->simpleQuery('SELECT `id`, `file_name` as `name`, `folder_id` as `parent_id`, `uploaded_by_id` as `owner_id`, `created_at`, "file" as `type`
FROM `files`
ORDER BY `created_at` DESC
 LIMIT 10')
 4 SYSTEMPATH\Database\BaseBuilder.php(1649): CodeIgniter\Database\BaseConnection->query('SELECT `id`, `file_name` as `name`, `folder_id` as `parent_id`, `uploaded_by_id` as `owner_id`, `created_at`, "file" as `type`
FROM `files`
ORDER BY `created_at` DESC
 LIMIT 10', [], false)
 5 SYSTEMPATH\Model.php(286): CodeIgniter\Database\BaseBuilder->get()
 6 SYSTEMPATH\BaseModel.php(679): CodeIgniter\Model->doFindAll(0, 0)
 7 APPPATH\Controllers\DokumenControllerHRD.php(53): CodeIgniter\BaseModel->findAll()
 8 SYSTEMPATH\CodeIgniter.php(933): App\Controllers\DokumenControllerHRD->index()
 9 SYSTEMPATH\CodeIgniter.php(507): CodeIgniter\CodeIgniter->runController(Object(App\Controllers\DokumenControllerHRD))
10 SYSTEMPATH\CodeIgniter.php(354): CodeIgniter\CodeIgniter->handleRequest(null, Object(Config\Cache), false)
11 SYSTEMPATH\Boot.php(334): CodeIgniter\CodeIgniter->run()
12 SYSTEMPATH\Boot.php(67): CodeIgniter\Boot::runCodeIgniter(Object(CodeIgniter\CodeIgniter))
13 FCPATH\index.php(59): CodeIgniter\Boot::bootWeb(Object(Config\Paths))
14 SYSTEMPATH\rewrite.php(44): require_once('C:\\laragon\\www\\projectPegawai-master\\public\\index.php')
CRITICAL - 2025-07-22 11:19:15 --> ErrorException: Undefined variable $totalFiles
[Method: GET, Route: hrd/dashboard]
in APPPATH\Views\HRD\dashboard.php on line 100.
 1 APPPATH\Views\HRD\dashboard.php(100): CodeIgniter\Debug\Exceptions->errorHandler(2, 'Undefined variable $totalFiles', 'C:\\laragon\\www\\projectPegawai-master\\app\\Views\\HRD\\dashboard.php', 100)
 2 SYSTEMPATH\View\View.php(224): include('C:\\laragon\\www\\projectPegawai-master\\app\\Views\\HRD\\dashboard.php')
 3 SYSTEMPATH\View\View.php(227): CodeIgniter\View\View->CodeIgniter\View\{closure}()
 4 SYSTEMPATH\Common.php(1173): CodeIgniter\View\View->render('HRD/dashboard', [], true)
 5 APPPATH\Controllers\DokumenControllerHRD.php(136): view('HRD/dashboard', [...])
 6 SYSTEMPATH\CodeIgniter.php(933): App\Controllers\DokumenControllerHRD->index()
 7 SYSTEMPATH\CodeIgniter.php(507): CodeIgniter\CodeIgniter->runController(Object(App\Controllers\DokumenControllerHRD))
 8 SYSTEMPATH\CodeIgniter.php(354): CodeIgniter\CodeIgniter->handleRequest(null, Object(Config\Cache), false)
 9 SYSTEMPATH\Boot.php(334): CodeIgniter\CodeIgniter->run()
10 SYSTEMPATH\Boot.php(67): CodeIgniter\Boot::runCodeIgniter(Object(CodeIgniter\CodeIgniter))
11 FCPATH\index.php(59): CodeIgniter\Boot::bootWeb(Object(Config\Paths))
12 SYSTEMPATH\rewrite.php(44): require_once('C:\\laragon\\www\\projectPegawai-master\\public\\index.php')
CRITICAL - 2025-07-22 11:19:16 --> ErrorException: Undefined variable $totalFiles
[Method: GET, Route: hrd/dashboard]
in APPPATH\Views\HRD\dashboard.php on line 100.
 1 APPPATH\Views\HRD\dashboard.php(100): CodeIgniter\Debug\Exceptions->errorHandler(2, 'Undefined variable $totalFiles', 'C:\\laragon\\www\\projectPegawai-master\\app\\Views\\HRD\\dashboard.php', 100)
 2 SYSTEMPATH\View\View.php(224): include('C:\\laragon\\www\\projectPegawai-master\\app\\Views\\HRD\\dashboard.php')
 3 SYSTEMPATH\View\View.php(227): CodeIgniter\View\View->CodeIgniter\View\{closure}()
 4 SYSTEMPATH\Common.php(1173): CodeIgniter\View\View->render('HRD/dashboard', [], true)
 5 APPPATH\Controllers\DokumenControllerHRD.php(136): view('HRD/dashboard', [...])
 6 SYSTEMPATH\CodeIgniter.php(933): App\Controllers\DokumenControllerHRD->index()
 7 SYSTEMPATH\CodeIgniter.php(507): CodeIgniter\CodeIgniter->runController(Object(App\Controllers\DokumenControllerHRD))
 8 SYSTEMPATH\CodeIgniter.php(354): CodeIgniter\CodeIgniter->handleRequest(null, Object(Config\Cache), false)
 9 SYSTEMPATH\Boot.php(334): CodeIgniter\CodeIgniter->run()
10 SYSTEMPATH\Boot.php(67): CodeIgniter\Boot::runCodeIgniter(Object(CodeIgniter\CodeIgniter))
11 FCPATH\index.php(59): CodeIgniter\Boot::bootWeb(Object(Config\Paths))
12 SYSTEMPATH\rewrite.php(44): require_once('C:\\laragon\\www\\projectPegawai-master\\public\\index.php')
CRITICAL - 2025-07-22 11:21:13 --> ErrorException: Undefined variable $totalUser
[Method: GET, Route: hrd/dashboard]
in APPPATH\Views\HRD\dashboard.php on line 131.
 1 APPPATH\Views\HRD\dashboard.php(131): CodeIgniter\Debug\Exceptions->errorHandler(2, 'Undefined variable $totalUser', 'C:\\laragon\\www\\projectPegawai-master\\app\\Views\\HRD\\dashboard.php', 131)
 2 SYSTEMPATH\View\View.php(224): include('C:\\laragon\\www\\projectPegawai-master\\app\\Views\\HRD\\dashboard.php')
 3 SYSTEMPATH\View\View.php(227): CodeIgniter\View\View->CodeIgniter\View\{closure}()
 4 SYSTEMPATH\Common.php(1173): CodeIgniter\View\View->render('HRD/dashboard', [], true)
 5 APPPATH\Controllers\DokumenControllerHRD.php(137): view('HRD/dashboard', [...])
 6 SYSTEMPATH\CodeIgniter.php(933): App\Controllers\DokumenControllerHRD->index()
 7 SYSTEMPATH\CodeIgniter.php(507): CodeIgniter\CodeIgniter->runController(Object(App\Controllers\DokumenControllerHRD))
 8 SYSTEMPATH\CodeIgniter.php(354): CodeIgniter\CodeIgniter->handleRequest(null, Object(Config\Cache), false)
 9 SYSTEMPATH\Boot.php(334): CodeIgniter\CodeIgniter->run()
10 SYSTEMPATH\Boot.php(67): CodeIgniter\Boot::runCodeIgniter(Object(CodeIgniter\CodeIgniter))
11 FCPATH\index.php(59): CodeIgniter\Boot::bootWeb(Object(Config\Paths))
12 SYSTEMPATH\rewrite.php(44): require_once('C:\\laragon\\www\\projectPegawai-master\\public\\index.php')
CRITICAL - 2025-07-22 11:21:15 --> ErrorException: Undefined variable $totalUser
[Method: GET, Route: hrd/dashboard]
in APPPATH\Views\HRD\dashboard.php on line 131.
 1 APPPATH\Views\HRD\dashboard.php(131): CodeIgniter\Debug\Exceptions->errorHandler(2, 'Undefined variable $totalUser', 'C:\\laragon\\www\\projectPegawai-master\\app\\Views\\HRD\\dashboard.php', 131)
 2 SYSTEMPATH\View\View.php(224): include('C:\\laragon\\www\\projectPegawai-master\\app\\Views\\HRD\\dashboard.php')
 3 SYSTEMPATH\View\View.php(227): CodeIgniter\View\View->CodeIgniter\View\{closure}()
 4 SYSTEMPATH\Common.php(1173): CodeIgniter\View\View->render('HRD/dashboard', [], true)
 5 APPPATH\Controllers\DokumenControllerHRD.php(137): view('HRD/dashboard', [...])
 6 SYSTEMPATH\CodeIgniter.php(933): App\Controllers\DokumenControllerHRD->index()
 7 SYSTEMPATH\CodeIgniter.php(507): CodeIgniter\CodeIgniter->runController(Object(App\Controllers\DokumenControllerHRD))
 8 SYSTEMPATH\CodeIgniter.php(354): CodeIgniter\CodeIgniter->handleRequest(null, Object(Config\Cache), false)
 9 SYSTEMPATH\Boot.php(334): CodeIgniter\CodeIgniter->run()
10 SYSTEMPATH\Boot.php(67): CodeIgniter\Boot::runCodeIgniter(Object(CodeIgniter\CodeIgniter))
11 FCPATH\index.php(59): CodeIgniter\Boot::bootWeb(Object(Config\Paths))
12 SYSTEMPATH\rewrite.php(44): require_once('C:\\laragon\\www\\projectPegawai-master\\public\\index.php')
CRITICAL - 2025-07-22 11:23:11 --> ErrorException: Undefined variable $totalUser
[Method: GET, Route: hrd/dashboard]
in APPPATH\Views\HRD\dashboard.php on line 131.
 1 APPPATH\Views\HRD\dashboard.php(131): CodeIgniter\Debug\Exceptions->errorHandler(2, 'Undefined variable $totalUser', 'C:\\laragon\\www\\projectPegawai-master\\app\\Views\\HRD\\dashboard.php', 131)
 2 SYSTEMPATH\View\View.php(224): include('C:\\laragon\\www\\projectPegawai-master\\app\\Views\\HRD\\dashboard.php')
 3 SYSTEMPATH\View\View.php(227): CodeIgniter\View\View->CodeIgniter\View\{closure}()
 4 SYSTEMPATH\Common.php(1173): CodeIgniter\View\View->render('HRD/dashboard', [], true)
 5 APPPATH\Controllers\DokumenControllerHRD.php(140): view('HRD/dashboard', [...])
 6 SYSTEMPATH\CodeIgniter.php(933): App\Controllers\DokumenControllerHRD->index()
 7 SYSTEMPATH\CodeIgniter.php(507): CodeIgniter\CodeIgniter->runController(Object(App\Controllers\DokumenControllerHRD))
 8 SYSTEMPATH\CodeIgniter.php(354): CodeIgniter\CodeIgniter->handleRequest(null, Object(Config\Cache), false)
 9 SYSTEMPATH\Boot.php(334): CodeIgniter\CodeIgniter->run()
10 SYSTEMPATH\Boot.php(67): CodeIgniter\Boot::runCodeIgniter(Object(CodeIgniter\CodeIgniter))
11 FCPATH\index.php(59): CodeIgniter\Boot::bootWeb(Object(Config\Paths))
12 SYSTEMPATH\rewrite.php(44): require_once('C:\\laragon\\www\\projectPegawai-master\\public\\index.php')
CRITICAL - 2025-07-22 11:23:13 --> ErrorException: Undefined variable $totalUser
[Method: GET, Route: hrd/dashboard]
in APPPATH\Views\HRD\dashboard.php on line 131.
 1 APPPATH\Views\HRD\dashboard.php(131): CodeIgniter\Debug\Exceptions->errorHandler(2, 'Undefined variable $totalUser', 'C:\\laragon\\www\\projectPegawai-master\\app\\Views\\HRD\\dashboard.php', 131)
 2 SYSTEMPATH\View\View.php(224): include('C:\\laragon\\www\\projectPegawai-master\\app\\Views\\HRD\\dashboard.php')
 3 SYSTEMPATH\View\View.php(227): CodeIgniter\View\View->CodeIgniter\View\{closure}()
 4 SYSTEMPATH\Common.php(1173): CodeIgniter\View\View->render('HRD/dashboard', [], true)
 5 APPPATH\Controllers\DokumenControllerHRD.php(140): view('HRD/dashboard', [...])
 6 SYSTEMPATH\CodeIgniter.php(933): App\Controllers\DokumenControllerHRD->index()
 7 SYSTEMPATH\CodeIgniter.php(507): CodeIgniter\CodeIgniter->runController(Object(App\Controllers\DokumenControllerHRD))
 8 SYSTEMPATH\CodeIgniter.php(354): CodeIgniter\CodeIgniter->handleRequest(null, Object(Config\Cache), false)
 9 SYSTEMPATH\Boot.php(334): CodeIgniter\CodeIgniter->run()
10 SYSTEMPATH\Boot.php(67): CodeIgniter\Boot::runCodeIgniter(Object(CodeIgniter\CodeIgniter))
11 FCPATH\index.php(59): CodeIgniter\Boot::bootWeb(Object(Config\Paths))
12 SYSTEMPATH\rewrite.php(44): require_once('C:\\laragon\\www\\projectPegawai-master\\public\\index.php')
CRITICAL - 2025-07-22 11:23:14 --> ErrorException: Undefined variable $totalUser
[Method: GET, Route: hrd/dashboard]
in APPPATH\Views\HRD\dashboard.php on line 131.
 1 APPPATH\Views\HRD\dashboard.php(131): CodeIgniter\Debug\Exceptions->errorHandler(2, 'Undefined variable $totalUser', 'C:\\laragon\\www\\projectPegawai-master\\app\\Views\\HRD\\dashboard.php', 131)
 2 SYSTEMPATH\View\View.php(224): include('C:\\laragon\\www\\projectPegawai-master\\app\\Views\\HRD\\dashboard.php')
 3 SYSTEMPATH\View\View.php(227): CodeIgniter\View\View->CodeIgniter\View\{closure}()
 4 SYSTEMPATH\Common.php(1173): CodeIgniter\View\View->render('HRD/dashboard', [], true)
 5 APPPATH\Controllers\DokumenControllerHRD.php(140): view('HRD/dashboard', [...])
 6 SYSTEMPATH\CodeIgniter.php(933): App\Controllers\DokumenControllerHRD->index()
 7 SYSTEMPATH\CodeIgniter.php(507): CodeIgniter\CodeIgniter->runController(Object(App\Controllers\DokumenControllerHRD))
 8 SYSTEMPATH\CodeIgniter.php(354): CodeIgniter\CodeIgniter->handleRequest(null, Object(Config\Cache), false)
 9 SYSTEMPATH\Boot.php(334): CodeIgniter\CodeIgniter->run()
10 SYSTEMPATH\Boot.php(67): CodeIgniter\Boot::runCodeIgniter(Object(CodeIgniter\CodeIgniter))
11 FCPATH\index.php(59): CodeIgniter\Boot::bootWeb(Object(Config\Paths))
12 SYSTEMPATH\rewrite.php(44): require_once('C:\\laragon\\www\\projectPegawai-master\\public\\index.php')
CRITICAL - 2025-07-22 13:25:28 --> ErrorException: Undefined array key "full_path_physical"
[Method: GET, Route: hrd/file/view/4]
in APPPATH\Controllers\DokumenControllerHRD.php on line 489.
 1 APPPATH\Controllers\DokumenControllerHRD.php(489): CodeIgniter\Debug\Exceptions->errorHandler(2, 'Undefined array key "full_path_physical"', 'C:\\laragon\\www\\projectPegawai-master\\app\\Controllers\\DokumenControllerHRD.php', 489)
 2 SYSTEMPATH\CodeIgniter.php(933): App\Controllers\DokumenControllerHRD->viewFile('4')
 3 SYSTEMPATH\CodeIgniter.php(507): CodeIgniter\CodeIgniter->runController(Object(App\Controllers\DokumenControllerHRD))
 4 SYSTEMPATH\CodeIgniter.php(354): CodeIgniter\CodeIgniter->handleRequest(null, Object(Config\Cache), false)
 5 SYSTEMPATH\Boot.php(334): CodeIgniter\CodeIgniter->run()
 6 SYSTEMPATH\Boot.php(67): CodeIgniter\Boot::runCodeIgniter(Object(CodeIgniter\CodeIgniter))
 7 FCPATH\index.php(59): CodeIgniter\Boot::bootWeb(Object(Config\Paths))
 8 SYSTEMPATH\rewrite.php(44): require_once('C:\\laragon\\www\\projectPegawai-master\\public\\index.php')
CRITICAL - 2025-07-22 13:27:49 --> ErrorException: Undefined array key "server_file_name"
[Method: GET, Route: hrd/file/view/4]
in APPPATH\Controllers\DokumenControllerHRD.php on line 554.
 1 APPPATH\Controllers\DokumenControllerHRD.php(554): CodeIgniter\Debug\Exceptions->errorHandler(2, 'Undefined array key "server_file_name"', 'C:\\laragon\\www\\projectPegawai-master\\app\\Controllers\\DokumenControllerHRD.php', 554)
 2 SYSTEMPATH\CodeIgniter.php(933): App\Controllers\DokumenControllerHRD->viewFile('4')
 3 SYSTEMPATH\CodeIgniter.php(507): CodeIgniter\CodeIgniter->runController(Object(App\Controllers\DokumenControllerHRD))
 4 SYSTEMPATH\CodeIgniter.php(354): CodeIgniter\CodeIgniter->handleRequest(null, Object(Config\Cache), false)
 5 SYSTEMPATH\Boot.php(334): CodeIgniter\CodeIgniter->run()
 6 SYSTEMPATH\Boot.php(67): CodeIgniter\Boot::runCodeIgniter(Object(CodeIgniter\CodeIgniter))
 7 FCPATH\index.php(59): CodeIgniter\Boot::bootWeb(Object(Config\Paths))
 8 SYSTEMPATH\rewrite.php(44): require_once('C:\\laragon\\www\\projectPegawai-master\\public\\index.php')
CRITICAL - 2025-07-22 13:27:51 --> ErrorException: Undefined array key "server_file_name"
[Method: GET, Route: hrd/file/view/4]
in APPPATH\Controllers\DokumenControllerHRD.php on line 554.
 1 APPPATH\Controllers\DokumenControllerHRD.php(554): CodeIgniter\Debug\Exceptions->errorHandler(2, 'Undefined array key "server_file_name"', 'C:\\laragon\\www\\projectPegawai-master\\app\\Controllers\\DokumenControllerHRD.php', 554)
 2 SYSTEMPATH\CodeIgniter.php(933): App\Controllers\DokumenControllerHRD->viewFile('4')
 3 SYSTEMPATH\CodeIgniter.php(507): CodeIgniter\CodeIgniter->runController(Object(App\Controllers\DokumenControllerHRD))
 4 SYSTEMPATH\CodeIgniter.php(354): CodeIgniter\CodeIgniter->handleRequest(null, Object(Config\Cache), false)
 5 SYSTEMPATH\Boot.php(334): CodeIgniter\CodeIgniter->run()
 6 SYSTEMPATH\Boot.php(67): CodeIgniter\Boot::runCodeIgniter(Object(CodeIgniter\CodeIgniter))
 7 FCPATH\index.php(59): CodeIgniter\Boot::bootWeb(Object(Config\Paths))
 8 SYSTEMPATH\rewrite.php(44): require_once('C:\\laragon\\www\\projectPegawai-master\\public\\index.php')
CRITICAL - 2025-07-22 13:30:46 --> ParseError: syntax error, unexpected variable "$folder", expecting "function" or "const"
[Method: GET, Route: hrd/file/view/4]
in APPPATH\Controllers\DokumenControllerHRD.php on line 583.
 1 VENDORPATH\composer\ClassLoader.php(428): Composer\Autoload\includeFile('C:\\laragon\\www\\projectPegawai-master\\vendor\\composer/../../app/Controllers/DokumenControllerHRD.php')
 2 [internal function]: Composer\Autoload\ClassLoader->loadClass('App\\Controllers\\DokumenControllerHRD')
 3 SYSTEMPATH\CodeIgniter.php(885): class_exists('\\App\\Controllers\\DokumenControllerHRD', true)
 4 SYSTEMPATH\CodeIgniter.php(494): CodeIgniter\CodeIgniter->startController()
 5 SYSTEMPATH\CodeIgniter.php(354): CodeIgniter\CodeIgniter->handleRequest(null, Object(Config\Cache), false)
 6 SYSTEMPATH\Boot.php(334): CodeIgniter\CodeIgniter->run()
 7 SYSTEMPATH\Boot.php(67): CodeIgniter\Boot::runCodeIgniter(Object(CodeIgniter\CodeIgniter))
 8 FCPATH\index.php(59): CodeIgniter\Boot::bootWeb(Object(Config\Paths))
 9 SYSTEMPATH\rewrite.php(44): require_once('C:\\laragon\\www\\projectPegawai-master\\public\\index.php')
CRITICAL - 2025-07-22 13:30:47 --> ParseError: syntax error, unexpected variable "$folder", expecting "function" or "const"
[Method: GET, Route: hrd/file/view/4]
in APPPATH\Controllers\DokumenControllerHRD.php on line 583.
 1 VENDORPATH\composer\ClassLoader.php(428): Composer\Autoload\includeFile('C:\\laragon\\www\\projectPegawai-master\\vendor\\composer/../../app/Controllers/DokumenControllerHRD.php')
 2 [internal function]: Composer\Autoload\ClassLoader->loadClass('App\\Controllers\\DokumenControllerHRD')
 3 SYSTEMPATH\CodeIgniter.php(885): class_exists('\\App\\Controllers\\DokumenControllerHRD', true)
 4 SYSTEMPATH\CodeIgniter.php(494): CodeIgniter\CodeIgniter->startController()
 5 SYSTEMPATH\CodeIgniter.php(354): CodeIgniter\CodeIgniter->handleRequest(null, Object(Config\Cache), false)
 6 SYSTEMPATH\Boot.php(334): CodeIgniter\CodeIgniter->run()
 7 SYSTEMPATH\Boot.php(67): CodeIgniter\Boot::runCodeIgniter(Object(CodeIgniter\CodeIgniter))
 8 FCPATH\index.php(59): CodeIgniter\Boot::bootWeb(Object(Config\Paths))
 9 SYSTEMPATH\rewrite.php(44): require_once('C:\\laragon\\www\\projectPegawai-master\\public\\index.php')
CRITICAL - 2025-07-22 13:32:40 --> ParseError: syntax error, unexpected variable "$filePathBase", expecting "function" or "const"
[Method: GET, Route: hrd/file/view/4]
in APPPATH\Controllers\DokumenControllerHRD.php on line 582.
 1 VENDORPATH\composer\ClassLoader.php(428): Composer\Autoload\includeFile('C:\\laragon\\www\\projectPegawai-master\\vendor\\composer/../../app/Controllers/DokumenControllerHRD.php')
 2 [internal function]: Composer\Autoload\ClassLoader->loadClass('App\\Controllers\\DokumenControllerHRD')
 3 SYSTEMPATH\CodeIgniter.php(885): class_exists('\\App\\Controllers\\DokumenControllerHRD', true)
 4 SYSTEMPATH\CodeIgniter.php(494): CodeIgniter\CodeIgniter->startController()
 5 SYSTEMPATH\CodeIgniter.php(354): CodeIgniter\CodeIgniter->handleRequest(null, Object(Config\Cache), false)
 6 SYSTEMPATH\Boot.php(334): CodeIgniter\CodeIgniter->run()
 7 SYSTEMPATH\Boot.php(67): CodeIgniter\Boot::runCodeIgniter(Object(CodeIgniter\CodeIgniter))
 8 FCPATH\index.php(59): CodeIgniter\Boot::bootWeb(Object(Config\Paths))
 9 SYSTEMPATH\rewrite.php(44): require_once('C:\\laragon\\www\\projectPegawai-master\\public\\index.php')
CRITICAL - 2025-07-22 13:32:43 --> ParseError: syntax error, unexpected variable "$filePathBase", expecting "function" or "const"
[Method: GET, Route: hrd/file/view/4]
in APPPATH\Controllers\DokumenControllerHRD.php on line 582.
 1 VENDORPATH\composer\ClassLoader.php(428): Composer\Autoload\includeFile('C:\\laragon\\www\\projectPegawai-master\\vendor\\composer/../../app/Controllers/DokumenControllerHRD.php')
 2 [internal function]: Composer\Autoload\ClassLoader->loadClass('App\\Controllers\\DokumenControllerHRD')
 3 SYSTEMPATH\CodeIgniter.php(885): class_exists('\\App\\Controllers\\DokumenControllerHRD', true)
 4 SYSTEMPATH\CodeIgniter.php(494): CodeIgniter\CodeIgniter->startController()
 5 SYSTEMPATH\CodeIgniter.php(354): CodeIgniter\CodeIgniter->handleRequest(null, Object(Config\Cache), false)
 6 SYSTEMPATH\Boot.php(334): CodeIgniter\CodeIgniter->run()
 7 SYSTEMPATH\Boot.php(67): CodeIgniter\Boot::runCodeIgniter(Object(CodeIgniter\CodeIgniter))
 8 FCPATH\index.php(59): CodeIgniter\Boot::bootWeb(Object(Config\Paths))
 9 SYSTEMPATH\rewrite.php(44): require_once('C:\\laragon\\www\\projectPegawai-master\\public\\index.php')
CRITICAL - 2025-07-22 13:33:51 --> ParseError: syntax error, unexpected variable "$filePathBase", expecting "function" or "const"
[Method: GET, Route: hrd/file/view/4]
in APPPATH\Controllers\DokumenControllerHRD.php on line 581.
 1 VENDORPATH\composer\ClassLoader.php(428): Composer\Autoload\includeFile('C:\\laragon\\www\\projectPegawai-master\\vendor\\composer/../../app/Controllers/DokumenControllerHRD.php')
 2 [internal function]: Composer\Autoload\ClassLoader->loadClass('App\\Controllers\\DokumenControllerHRD')
 3 SYSTEMPATH\CodeIgniter.php(885): class_exists('\\App\\Controllers\\DokumenControllerHRD', true)
 4 SYSTEMPATH\CodeIgniter.php(494): CodeIgniter\CodeIgniter->startController()
 5 SYSTEMPATH\CodeIgniter.php(354): CodeIgniter\CodeIgniter->handleRequest(null, Object(Config\Cache), false)
 6 SYSTEMPATH\Boot.php(334): CodeIgniter\CodeIgniter->run()
 7 SYSTEMPATH\Boot.php(67): CodeIgniter\Boot::runCodeIgniter(Object(CodeIgniter\CodeIgniter))
 8 FCPATH\index.php(59): CodeIgniter\Boot::bootWeb(Object(Config\Paths))
 9 SYSTEMPATH\rewrite.php(44): require_once('C:\\laragon\\www\\projectPegawai-master\\public\\index.php')
CRITICAL - 2025-07-22 13:34:46 --> ParseError: syntax error, unexpected token "if", expecting "function" or "const"
[Method: GET, Route: hrd/file/view/4]
in APPPATH\Controllers\DokumenControllerHRD.php on line 581.
 1 VENDORPATH\composer\ClassLoader.php(428): Composer\Autoload\includeFile('C:\\laragon\\www\\projectPegawai-master\\vendor\\composer/../../app/Controllers/DokumenControllerHRD.php')
 2 [internal function]: Composer\Autoload\ClassLoader->loadClass('App\\Controllers\\DokumenControllerHRD')
 3 SYSTEMPATH\CodeIgniter.php(885): class_exists('\\App\\Controllers\\DokumenControllerHRD', true)
 4 SYSTEMPATH\CodeIgniter.php(494): CodeIgniter\CodeIgniter->startController()
 5 SYSTEMPATH\CodeIgniter.php(354): CodeIgniter\CodeIgniter->handleRequest(null, Object(Config\Cache), false)
 6 SYSTEMPATH\Boot.php(334): CodeIgniter\CodeIgniter->run()
 7 SYSTEMPATH\Boot.php(67): CodeIgniter\Boot::runCodeIgniter(Object(CodeIgniter\CodeIgniter))
 8 FCPATH\index.php(59): CodeIgniter\Boot::bootWeb(Object(Config\Paths))
 9 SYSTEMPATH\rewrite.php(44): require_once('C:\\laragon\\www\\projectPegawai-master\\public\\index.php')
CRITICAL - 2025-07-22 13:34:47 --> ParseError: syntax error, unexpected token "if", expecting "function" or "const"
[Method: GET, Route: hrd/file/view/4]
in APPPATH\Controllers\DokumenControllerHRD.php on line 581.
 1 VENDORPATH\composer\ClassLoader.php(428): Composer\Autoload\includeFile('C:\\laragon\\www\\projectPegawai-master\\vendor\\composer/../../app/Controllers/DokumenControllerHRD.php')
 2 [internal function]: Composer\Autoload\ClassLoader->loadClass('App\\Controllers\\DokumenControllerHRD')
 3 SYSTEMPATH\CodeIgniter.php(885): class_exists('\\App\\Controllers\\DokumenControllerHRD', true)
 4 SYSTEMPATH\CodeIgniter.php(494): CodeIgniter\CodeIgniter->startController()
 5 SYSTEMPATH\CodeIgniter.php(354): CodeIgniter\CodeIgniter->handleRequest(null, Object(Config\Cache), false)
 6 SYSTEMPATH\Boot.php(334): CodeIgniter\CodeIgniter->run()
 7 SYSTEMPATH\Boot.php(67): CodeIgniter\Boot::runCodeIgniter(Object(CodeIgniter\CodeIgniter))
 8 FCPATH\index.php(59): CodeIgniter\Boot::bootWeb(Object(Config\Paths))
 9 SYSTEMPATH\rewrite.php(44): require_once('C:\\laragon\\www\\projectPegawai-master\\public\\index.php')
CRITICAL - 2025-07-22 13:35:34 --> ParseError: syntax error, unexpected variable "$filePath", expecting "function" or "const"
[Method: GET, Route: hrd/file/view/4]
in APPPATH\Controllers\DokumenControllerHRD.php on line 581.
 1 VENDORPATH\composer\ClassLoader.php(428): Composer\Autoload\includeFile('C:\\laragon\\www\\projectPegawai-master\\vendor\\composer/../../app/Controllers/DokumenControllerHRD.php')
 2 [internal function]: Composer\Autoload\ClassLoader->loadClass('App\\Controllers\\DokumenControllerHRD')
 3 SYSTEMPATH\CodeIgniter.php(885): class_exists('\\App\\Controllers\\DokumenControllerHRD', true)
 4 SYSTEMPATH\CodeIgniter.php(494): CodeIgniter\CodeIgniter->startController()
 5 SYSTEMPATH\CodeIgniter.php(354): CodeIgniter\CodeIgniter->handleRequest(null, Object(Config\Cache), false)
 6 SYSTEMPATH\Boot.php(334): CodeIgniter\CodeIgniter->run()
 7 SYSTEMPATH\Boot.php(67): CodeIgniter\Boot::runCodeIgniter(Object(CodeIgniter\CodeIgniter))
 8 FCPATH\index.php(59): CodeIgniter\Boot::bootWeb(Object(Config\Paths))
 9 SYSTEMPATH\rewrite.php(44): require_once('C:\\laragon\\www\\projectPegawai-master\\public\\index.php')
CRITICAL - 2025-07-22 13:35:35 --> ParseError: syntax error, unexpected variable "$filePath", expecting "function" or "const"
[Method: GET, Route: hrd/file/view/4]
in APPPATH\Controllers\DokumenControllerHRD.php on line 581.
 1 VENDORPATH\composer\ClassLoader.php(428): Composer\Autoload\includeFile('C:\\laragon\\www\\projectPegawai-master\\vendor\\composer/../../app/Controllers/DokumenControllerHRD.php')
 2 [internal function]: Composer\Autoload\ClassLoader->loadClass('App\\Controllers\\DokumenControllerHRD')
 3 SYSTEMPATH\CodeIgniter.php(885): class_exists('\\App\\Controllers\\DokumenControllerHRD', true)
 4 SYSTEMPATH\CodeIgniter.php(494): CodeIgniter\CodeIgniter->startController()
 5 SYSTEMPATH\CodeIgniter.php(354): CodeIgniter\CodeIgniter->handleRequest(null, Object(Config\Cache), false)
 6 SYSTEMPATH\Boot.php(334): CodeIgniter\CodeIgniter->run()
 7 SYSTEMPATH\Boot.php(67): CodeIgniter\Boot::runCodeIgniter(Object(CodeIgniter\CodeIgniter))
 8 FCPATH\index.php(59): CodeIgniter\Boot::bootWeb(Object(Config\Paths))
 9 SYSTEMPATH\rewrite.php(44): require_once('C:\\laragon\\www\\projectPegawai-master\\public\\index.php')
CRITICAL - 2025-07-22 13:36:28 --> ParseError: syntax error, unexpected variable "$filePath", expecting "function" or "const"
[Method: GET, Route: hrd/file/view/4]
in APPPATH\Controllers\DokumenControllerHRD.php on line 581.
 1 VENDORPATH\composer\ClassLoader.php(428): Composer\Autoload\includeFile('C:\\laragon\\www\\projectPegawai-master\\vendor\\composer/../../app/Controllers/DokumenControllerHRD.php')
 2 [internal function]: Composer\Autoload\ClassLoader->loadClass('App\\Controllers\\DokumenControllerHRD')
 3 SYSTEMPATH\CodeIgniter.php(885): class_exists('\\App\\Controllers\\DokumenControllerHRD', true)
 4 SYSTEMPATH\CodeIgniter.php(494): CodeIgniter\CodeIgniter->startController()
 5 SYSTEMPATH\CodeIgniter.php(354): CodeIgniter\CodeIgniter->handleRequest(null, Object(Config\Cache), false)
 6 SYSTEMPATH\Boot.php(334): CodeIgniter\CodeIgniter->run()
 7 SYSTEMPATH\Boot.php(67): CodeIgniter\Boot::runCodeIgniter(Object(CodeIgniter\CodeIgniter))
 8 FCPATH\index.php(59): CodeIgniter\Boot::bootWeb(Object(Config\Paths))
 9 SYSTEMPATH\rewrite.php(44): require_once('C:\\laragon\\www\\projectPegawai-master\\public\\index.php')
ERROR - 2025-07-22 13:38:04 --> File ID 4 ditemukan, tetapi kunci "server_file_name" tidak ada.
ERROR - 2025-07-22 13:40:53 --> File ID 16 ditemukan, tetapi kunci "server_file_name" tidak ada.
CRITICAL - 2025-07-22 13:45:36 --> ErrorException: Undefined array key "file_path"
[Method: GET, Route: staff/serve-file/4]
in APPPATH\Controllers\DokumenControllerStaff.php on line 154.
 1 APPPATH\Controllers\DokumenControllerStaff.php(154): CodeIgniter\Debug\Exceptions->errorHandler(2, 'Undefined array key "file_path"', 'C:\\laragon\\www\\projectPegawai-master\\app\\Controllers\\DokumenControllerStaff.php', 154)
 2 SYSTEMPATH\CodeIgniter.php(933): App\Controllers\DokumenControllerStaff->serveFile('4')
 3 SYSTEMPATH\CodeIgniter.php(507): CodeIgniter\CodeIgniter->runController(Object(App\Controllers\DokumenControllerStaff))
 4 SYSTEMPATH\CodeIgniter.php(354): CodeIgniter\CodeIgniter->handleRequest(null, Object(Config\Cache), false)
 5 SYSTEMPATH\Boot.php(334): CodeIgniter\CodeIgniter->run()
 6 SYSTEMPATH\Boot.php(67): CodeIgniter\Boot::runCodeIgniter(Object(CodeIgniter\CodeIgniter))
 7 FCPATH\index.php(59): CodeIgniter\Boot::bootWeb(Object(Config\Paths))
 8 SYSTEMPATH\rewrite.php(44): require_once('C:\\laragon\\www\\projectPegawai-master\\public\\index.php')
CRITICAL - 2025-07-22 13:49:04 --> ErrorException: Undefined array key "file_path"
[Method: GET, Route: hrd/view-staff-folder/1]
in APPPATH\Views\HRD\viewFolderContent.php on line 199.
 1 APPPATH\Views\HRD\viewFolderContent.php(199): CodeIgniter\Debug\Exceptions->errorHandler(2, 'Undefined array key "file_path"', 'C:\\laragon\\www\\projectPegawai-master\\app\\Views\\HRD\\viewFolderContent.php', 199)
 2 SYSTEMPATH\View\View.php(224): include('C:\\laragon\\www\\projectPegawai-master\\app\\Views\\HRD\\viewFolderContent.php')
 3 SYSTEMPATH\View\View.php(227): CodeIgniter\View\View->CodeIgniter\View\{closure}()
 4 SYSTEMPATH\Common.php(1173): CodeIgniter\View\View->render('HRD/viewFolderContent', [], true)
 5 APPPATH\Controllers\DokumenControllerHRD.php(174): view('HRD/viewFolderContent', [...])
 6 SYSTEMPATH\CodeIgniter.php(933): App\Controllers\DokumenControllerHRD->viewStaffFolder('1')
 7 SYSTEMPATH\CodeIgniter.php(507): CodeIgniter\CodeIgniter->runController(Object(App\Controllers\DokumenControllerHRD))
 8 SYSTEMPATH\CodeIgniter.php(354): CodeIgniter\CodeIgniter->handleRequest(null, Object(Config\Cache), false)
 9 SYSTEMPATH\Boot.php(334): CodeIgniter\CodeIgniter->run()
10 SYSTEMPATH\Boot.php(67): CodeIgniter\Boot::runCodeIgniter(Object(CodeIgniter\CodeIgniter))
11 FCPATH\index.php(59): CodeIgniter\Boot::bootWeb(Object(Config\Paths))
12 SYSTEMPATH\rewrite.php(44): require_once('C:\\laragon\\www\\projectPegawai-master\\public\\index.php')
CRITICAL - 2025-07-22 14:03:07 --> ParseError: syntax error, unexpected identifier ""
[Method: GET, Route: hrd/dashboard]
in APPPATH\Controllers\DokumenControllerHRD.php on line 327.
 1 VENDORPATH\composer\ClassLoader.php(428): Composer\Autoload\includeFile('C:\\laragon\\www\\projectPegawai-master\\vendor\\composer/../../app/Controllers/DokumenControllerHRD.php')
 2 [internal function]: Composer\Autoload\ClassLoader->loadClass('App\\Controllers\\DokumenControllerHRD')
 3 SYSTEMPATH\CodeIgniter.php(885): class_exists('\\App\\Controllers\\DokumenControllerHRD', true)
 4 SYSTEMPATH\CodeIgniter.php(494): CodeIgniter\CodeIgniter->startController()
 5 SYSTEMPATH\CodeIgniter.php(354): CodeIgniter\CodeIgniter->handleRequest(null, Object(Config\Cache), false)
 6 SYSTEMPATH\Boot.php(334): CodeIgniter\CodeIgniter->run()
 7 SYSTEMPATH\Boot.php(67): CodeIgniter\Boot::runCodeIgniter(Object(CodeIgniter\CodeIgniter))
 8 FCPATH\index.php(59): CodeIgniter\Boot::bootWeb(Object(Config\Paths))
 9 SYSTEMPATH\rewrite.php(44): require_once('C:\\laragon\\www\\projectPegawai-master\\public\\index.php')
CRITICAL - 2025-07-22 14:04:03 --> ParseError: syntax error, unexpected identifier ""
[Method: GET, Route: hrd/dashboard]
in APPPATH\Controllers\DokumenControllerHRD.php on line 327.
 1 VENDORPATH\composer\ClassLoader.php(428): Composer\Autoload\includeFile('C:\\laragon\\www\\projectPegawai-master\\vendor\\composer/../../app/Controllers/DokumenControllerHRD.php')
 2 [internal function]: Composer\Autoload\ClassLoader->loadClass('App\\Controllers\\DokumenControllerHRD')
 3 SYSTEMPATH\CodeIgniter.php(885): class_exists('\\App\\Controllers\\DokumenControllerHRD', true)
 4 SYSTEMPATH\CodeIgniter.php(494): CodeIgniter\CodeIgniter->startController()
 5 SYSTEMPATH\CodeIgniter.php(354): CodeIgniter\CodeIgniter->handleRequest(null, Object(Config\Cache), false)
 6 SYSTEMPATH\Boot.php(334): CodeIgniter\CodeIgniter->run()
 7 SYSTEMPATH\Boot.php(67): CodeIgniter\Boot::runCodeIgniter(Object(CodeIgniter\CodeIgniter))
 8 FCPATH\index.php(59): CodeIgniter\Boot::bootWeb(Object(Config\Paths))
 9 SYSTEMPATH\rewrite.php(44): require_once('C:\\laragon\\www\\projectPegawai-master\\public\\index.php')
CRITICAL - 2025-07-22 14:04:57 --> ParseError: syntax error, unexpected identifier ""
[Method: GET, Route: hrd/dashboard]
in APPPATH\Controllers\DokumenControllerHRD.php on line 327.
 1 VENDORPATH\composer\ClassLoader.php(428): Composer\Autoload\includeFile('C:\\laragon\\www\\projectPegawai-master\\vendor\\composer/../../app/Controllers/DokumenControllerHRD.php')
 2 [internal function]: Composer\Autoload\ClassLoader->loadClass('App\\Controllers\\DokumenControllerHRD')
 3 SYSTEMPATH\CodeIgniter.php(885): class_exists('\\App\\Controllers\\DokumenControllerHRD', true)
 4 SYSTEMPATH\CodeIgniter.php(494): CodeIgniter\CodeIgniter->startController()
 5 SYSTEMPATH\CodeIgniter.php(354): CodeIgniter\CodeIgniter->handleRequest(null, Object(Config\Cache), false)
 6 SYSTEMPATH\Boot.php(334): CodeIgniter\CodeIgniter->run()
 7 SYSTEMPATH\Boot.php(67): CodeIgniter\Boot::runCodeIgniter(Object(CodeIgniter\CodeIgniter))
 8 FCPATH\index.php(59): CodeIgniter\Boot::bootWeb(Object(Config\Paths))
 9 SYSTEMPATH\rewrite.php(44): require_once('C:\\laragon\\www\\projectPegawai-master\\public\\index.php')
CRITICAL - 2025-07-22 14:45:25 --> ParseError: Unclosed '[' does not match ')'
[Method: GET, Route: hrd/view-staff-folder/35]
in APPPATH\Controllers\DokumenControllerHRD.php on line 475.
 1 VENDORPATH\composer\ClassLoader.php(428): Composer\Autoload\includeFile('C:\\laragon\\www\\projectPegawai-master\\vendor\\composer/../../app/Controllers/DokumenControllerHRD.php')
 2 [internal function]: Composer\Autoload\ClassLoader->loadClass('App\\Controllers\\DokumenControllerHRD')
 3 SYSTEMPATH\CodeIgniter.php(885): class_exists('\\App\\Controllers\\DokumenControllerHRD', true)
 4 SYSTEMPATH\CodeIgniter.php(494): CodeIgniter\CodeIgniter->startController()
 5 SYSTEMPATH\CodeIgniter.php(354): CodeIgniter\CodeIgniter->handleRequest(null, Object(Config\Cache), false)
 6 SYSTEMPATH\Boot.php(334): CodeIgniter\CodeIgniter->run()
 7 SYSTEMPATH\Boot.php(67): CodeIgniter\Boot::runCodeIgniter(Object(CodeIgniter\CodeIgniter))
 8 FCPATH\index.php(59): CodeIgniter\Boot::bootWeb(Object(Config\Paths))
 9 SYSTEMPATH\rewrite.php(44): require_once('C:\\laragon\\www\\projectPegawai-master\\public\\index.php')
CRITICAL - 2025-07-22 14:46:12 --> ParseError: Unclosed '[' does not match ')'
[Method: GET, Route: hrd/dashboard]
in APPPATH\Controllers\DokumenControllerHRD.php on line 475.
 1 VENDORPATH\composer\ClassLoader.php(428): Composer\Autoload\includeFile('C:\\laragon\\www\\projectPegawai-master\\vendor\\composer/../../app/Controllers/DokumenControllerHRD.php')
 2 [internal function]: Composer\Autoload\ClassLoader->loadClass('App\\Controllers\\DokumenControllerHRD')
 3 SYSTEMPATH\CodeIgniter.php(885): class_exists('\\App\\Controllers\\DokumenControllerHRD', true)
 4 SYSTEMPATH\CodeIgniter.php(494): CodeIgniter\CodeIgniter->startController()
 5 SYSTEMPATH\CodeIgniter.php(354): CodeIgniter\CodeIgniter->handleRequest(null, Object(Config\Cache), false)
 6 SYSTEMPATH\Boot.php(334): CodeIgniter\CodeIgniter->run()
 7 SYSTEMPATH\Boot.php(67): CodeIgniter\Boot::runCodeIgniter(Object(CodeIgniter\CodeIgniter))
 8 FCPATH\index.php(59): CodeIgniter\Boot::bootWeb(Object(Config\Paths))
 9 SYSTEMPATH\rewrite.php(44): require_once('C:\\laragon\\www\\projectPegawai-master\\public\\index.php')
CRITICAL - 2025-07-22 14:54:55 --> ErrorException: file_get_contents(C:\laragon\www\projectPegawai-master\writable\uploads/): Failed to open stream: No such file or directory
[Method: GET, Route: staff/serve-file/17]
in APPPATH\Controllers\DokumenControllerStaff.php on line 167.
 1 [internal function]: CodeIgniter\Debug\Exceptions->errorHandler(2, 'file_get_contents(C:\\laragon\\www\\projectPegawai-master\\writable\\uploads/): Failed to open stream: No such file or directory', 'C:\\laragon\\www\\projectPegawai-master\\app\\Controllers\\DokumenControllerStaff.php', 167)
 2 APPPATH\Controllers\DokumenControllerStaff.php(167): file_get_contents('C:\\laragon\\www\\projectPegawai-master\\writable\\uploads/')
 3 SYSTEMPATH\CodeIgniter.php(933): App\Controllers\DokumenControllerStaff->serveFile('17')
 4 SYSTEMPATH\CodeIgniter.php(507): CodeIgniter\CodeIgniter->runController(Object(App\Controllers\DokumenControllerStaff))
 5 SYSTEMPATH\CodeIgniter.php(354): CodeIgniter\CodeIgniter->handleRequest(null, Object(Config\Cache), false)
 6 SYSTEMPATH\Boot.php(334): CodeIgniter\CodeIgniter->run()
 7 SYSTEMPATH\Boot.php(67): CodeIgniter\Boot::runCodeIgniter(Object(CodeIgniter\CodeIgniter))
 8 FCPATH\index.php(59): CodeIgniter\Boot::bootWeb(Object(Config\Paths))
 9 SYSTEMPATH\rewrite.php(44): require_once('C:\\laragon\\www\\projectPegawai-master\\public\\index.php')
CRITICAL - 2025-07-22 14:55:37 --> ErrorException: file_get_contents(C:\laragon\www\projectPegawai-master\writable\uploads/): Failed to open stream: No such file or directory
[Method: GET, Route: staff/serve-file/17]
in APPPATH\Controllers\DokumenControllerStaff.php on line 167.
 1 [internal function]: CodeIgniter\Debug\Exceptions->errorHandler(2, 'file_get_contents(C:\\laragon\\www\\projectPegawai-master\\writable\\uploads/): Failed to open stream: No such file or directory', 'C:\\laragon\\www\\projectPegawai-master\\app\\Controllers\\DokumenControllerStaff.php', 167)
 2 APPPATH\Controllers\DokumenControllerStaff.php(167): file_get_contents('C:\\laragon\\www\\projectPegawai-master\\writable\\uploads/')
 3 SYSTEMPATH\CodeIgniter.php(933): App\Controllers\DokumenControllerStaff->serveFile('17')
 4 SYSTEMPATH\CodeIgniter.php(507): CodeIgniter\CodeIgniter->runController(Object(App\Controllers\DokumenControllerStaff))
 5 SYSTEMPATH\CodeIgniter.php(354): CodeIgniter\CodeIgniter->handleRequest(null, Object(Config\Cache), false)
 6 SYSTEMPATH\Boot.php(334): CodeIgniter\CodeIgniter->run()
 7 SYSTEMPATH\Boot.php(67): CodeIgniter\Boot::runCodeIgniter(Object(CodeIgniter\CodeIgniter))
 8 FCPATH\index.php(59): CodeIgniter\Boot::bootWeb(Object(Config\Paths))
 9 SYSTEMPATH\rewrite.php(44): require_once('C:\\laragon\\www\\projectPegawai-master\\public\\index.php')

ERROR - 2025-07-22 15:08:12 --> File ID 18 memiliki server_file_name yang kosong di database.
CRITICAL - 2025-07-22 16:05:54 --> CodeIgniter\Database\Exceptions\DataException: There is no data to update.
[Method: POST, Route: staff/create-folder]
in SYSTEMPATH\BaseModel.php on line 1014.
 1 SYSTEMPATH\BaseModel.php(1014): CodeIgniter\Database\Exceptions\DataException::forEmptyDataset('update')
 2 SYSTEMPATH\Model.php(863): CodeIgniter\BaseModel->update([...], [])
 3 APPPATH\Controllers\DokumenControllerStaff.php(321): CodeIgniter\Model->update(39, [...])
 4 SYSTEMPATH\CodeIgniter.php(933): App\Controllers\DokumenControllerStaff->createFolder()
 5 SYSTEMPATH\CodeIgniter.php(507): CodeIgniter\CodeIgniter->runController(Object(App\Controllers\DokumenControllerStaff))
 6 SYSTEMPATH\CodeIgniter.php(354): CodeIgniter\CodeIgniter->handleRequest(null, Object(Config\Cache), false)
 7 SYSTEMPATH\Boot.php(334): CodeIgniter\CodeIgniter->run()
 8 SYSTEMPATH\Boot.php(67): CodeIgniter\Boot::runCodeIgniter(Object(CodeIgniter\CodeIgniter))
 9 FCPATH\index.php(59): CodeIgniter\Boot::bootWeb(Object(Config\Paths))
10 SYSTEMPATH\rewrite.php(44): require_once('C:\\laragon\\www\\projectPegawai-master\\public\\index.php')
CRITICAL - 2025-07-22 16:06:19 --> CodeIgniter\Database\Exceptions\DataException: There is no data to update.
[Method: POST, Route: staff/create-folder]
in SYSTEMPATH\BaseModel.php on line 1014.
 1 SYSTEMPATH\BaseModel.php(1014): CodeIgniter\Database\Exceptions\DataException::forEmptyDataset('update')
 2 SYSTEMPATH\Model.php(863): CodeIgniter\BaseModel->update([...], [])
 3 APPPATH\Controllers\DokumenControllerStaff.php(321): CodeIgniter\Model->update(40, [...])
 4 SYSTEMPATH\CodeIgniter.php(933): App\Controllers\DokumenControllerStaff->createFolder()
 5 SYSTEMPATH\CodeIgniter.php(507): CodeIgniter\CodeIgniter->runController(Object(App\Controllers\DokumenControllerStaff))
 6 SYSTEMPATH\CodeIgniter.php(354): CodeIgniter\CodeIgniter->handleRequest(null, Object(Config\Cache), false)
 7 SYSTEMPATH\Boot.php(334): CodeIgniter\CodeIgniter->run()
 8 SYSTEMPATH\Boot.php(67): CodeIgniter\Boot::runCodeIgniter(Object(CodeIgniter\CodeIgniter))
 9 FCPATH\index.php(59): CodeIgniter\Boot::bootWeb(Object(Config\Paths))
10 SYSTEMPATH\rewrite.php(44): require_once('C:\\laragon\\www\\projectPegawai-master\\public\\index.php')
